#
# There is insufficient memory for the Java Runtime Environment to continue.
# Native memory allocation (mmap) failed to map 115343360 bytes for Failed to commit area from 0x0000000092800000 to 0x0000000099600000 of length 115343360.
# Possible reasons:
#   The system is out of physical RAM or swap space
#   The process is running with CompressedOops enabled, and the Java Heap may be blocking the growth of the native heap
# Possible solutions:
#   Reduce memory load on the system
#   Increase physical memory or swap space
#   Check if swap backing store is full
#   Decrease Java heap size (-Xmx/-Xms)
#   Decrease number of Java threads
#   Decrease Java thread stack sizes (-Xss)
#   Set larger code cache with -XX:ReservedCodeCacheSize=
#   JVM is running with Unscaled Compressed Oops mode in which the Java heap is
#     placed in the first 4GB address space. The Java Heap base address is the
#     maximum limit for the native heap growth. Please use -XX:HeapBaseMinAddress
#     to set the Java Heap base and to place the Java Heap above 4GB virtual address.
# This output file may be truncated or incomplete.
#
#  Out of Memory Error (./src/hotspot/os/windows/os_windows.cpp:3301), pid=5092, tid=5404
#
# JRE version: OpenJDK Runtime Environment (11.0.11+9) (build 11.0.11+9-b60-7590822)
# Java VM: OpenJDK 64-Bit Server VM (11.0.11+9-b60-7590822, mixed mode, tiered, compressed oops, g1 gc, windows-amd64)
# No core dump will be written. Minidumps are not enabled by default on client versions of Windows
#

---------------  S U M M A R Y ------------

Command Line: --add-opens=java.base/java.util=ALL-UNNAMED --add-opens=java.base/java.lang=ALL-UNNAMED --add-opens=java.base/java.lang.invoke=ALL-UNNAMED --add-opens=java.base/java.util=ALL-UNNAMED --add-opens=java.prefs/java.util.prefs=ALL-UNNAMED --add-opens=java.prefs/java.util.prefs=ALL-UNNAMED --add-opens=java.base/java.nio.charset=ALL-UNNAMED --add-opens=java.base/java.net=ALL-UNNAMED --add-opens=java.base/java.util.concurrent.atomic=ALL-UNNAMED -Xmx2048m -Dfile.encoding=UTF-8 -Duser.country=RU -Duser.language=ru -Duser.variant org.gradle.launcher.daemon.bootstrap.GradleDaemon 7.0.2

Host: Intel(R) Core(TM) i5-4200H CPU @ 2.80GHz, 4 cores, 7G,  Windows 10 , 64 bit Build 19041 (10.0.19041.1645)
Time: Fri Apr 15 13:08:53 2022 RTZ 2 (зима) elapsed time: 71.208698 seconds (0d 0h 1m 11s)

---------------  T H R E A D  ---------------

Current thread (0x00000206fe847800):  VMThread "VM Thread" [stack: 0x0000005622500000,0x0000005622600000] [id=5404]

Stack: [0x0000005622500000,0x0000005622600000]
[error occurred during error reporting (printing stack bounds), id 0xc0000005, EXCEPTION_ACCESS_VIOLATION (0xc0000005) at pc=0x0000020680000f2d]

Native frames: (J=compiled Java code, j=interpreted, Vv=VM code, C=native code)
V  [jvm.dll+0x5f214a]
V  [jvm.dll+0x726fb5]
V  [jvm.dll+0x7285cd]
V  [jvm.dll+0x728be5]
V  [jvm.dll+0x728b9b]
V  [jvm.dll+0x5f14e8]
V  [jvm.dll+0x5f1c78]
C  [ntdll.dll+0xa20cf]
C  [ntdll.dll+0x51454]
C  [ntdll.dll+0xa0bfe]
C  0x0000020680000f2d

VM_Operation (0x0000005624ffa750): G1CollectForAllocation, mode: safepoint, requested by thread 0x0000020696697800


---------------  P R O C E S S  ---------------

Threads class SMR info:
_java_thread_list=0x000002069c907c50, length=41, elements={
0x00000206f74db000, 0x00000206fe84c800, 0x00000206fe856000, 0x00000206fe86e800,
0x00000206fe86f800, 0x00000206fe870800, 0x00000206fe878000, 0x00000206fe87d800,
0x00000206fe881800, 0x00000206ff331800, 0x0000020693c4f000, 0x00000206930cb000,
0x0000020693634000, 0x0000020693b77800, 0x000002069359d800, 0x00000206939ba000,
0x0000020693d08800, 0x0000020694458800, 0x000002069431e000, 0x0000020694319800,
0x000002069431b800, 0x000002069431a800, 0x000002069431f800, 0x000002069431c000,
0x000002069431e800, 0x000002069431d000, 0x0000020694320000, 0x0000020694570000,
0x000002069456c000, 0x000002069456d800, 0x000002069456d000, 0x000002069456f800,
0x0000020694571000, 0x000002069456b000, 0x0000020696696000, 0x0000020696697000,
0x0000020696691000, 0x0000020696697800, 0x0000020696695000, 0x0000020696692000,
0x0000020696698800
}

Java Threads: ( => current thread )
  0x00000206f74db000 JavaThread "main" [_thread_blocked, id=2752, stack(0x0000005621f00000,0x0000005622000000)]
  0x00000206fe84c800 JavaThread "Reference Handler" daemon [_thread_blocked, id=5296, stack(0x0000005622600000,0x0000005622700000)]
  0x00000206fe856000 JavaThread "Finalizer" daemon [_thread_blocked, id=1956, stack(0x0000005622700000,0x0000005622800000)]
  0x00000206fe86e800 JavaThread "Signal Dispatcher" daemon [_thread_blocked, id=6420, stack(0x0000005622800000,0x0000005622900000)]
  0x00000206fe86f800 JavaThread "Attach Listener" daemon [_thread_blocked, id=2104, stack(0x0000005622900000,0x0000005622a00000)]
  0x00000206fe870800 JavaThread "Service Thread" daemon [_thread_blocked, id=2516, stack(0x0000005622a00000,0x0000005622b00000)]
  0x00000206fe878000 JavaThread "C2 CompilerThread0" daemon [_thread_blocked, id=8232, stack(0x0000005622b00000,0x0000005622c00000)]
  0x00000206fe87d800 JavaThread "C1 CompilerThread0" daemon [_thread_blocked, id=1372, stack(0x0000005622c00000,0x0000005622d00000)]
  0x00000206fe881800 JavaThread "Sweeper thread" daemon [_thread_blocked, id=884, stack(0x0000005622d00000,0x0000005622e00000)]
  0x00000206ff331800 JavaThread "Common-Cleaner" daemon [_thread_blocked, id=1488, stack(0x0000005622e00000,0x0000005622f00000)]
  0x0000020693c4f000 JavaThread "Daemon health stats" [_thread_blocked, id=5772, stack(0x0000005623200000,0x0000005623300000)]
  0x00000206930cb000 JavaThread "Incoming local TCP Connector on port 52283" [_thread_in_native, id=500, stack(0x0000005623300000,0x0000005623400000)]
  0x0000020693634000 JavaThread "Daemon periodic checks" [_thread_blocked, id=7760, stack(0x0000005623400000,0x0000005623500000)]
  0x0000020693b77800 JavaThread "Daemon" [_thread_blocked, id=4568, stack(0x0000005623500000,0x0000005623600000)]
  0x000002069359d800 JavaThread "Handler for socket connection from /127.0.0.1:52283 to /127.0.0.1:52284" [_thread_in_native, id=4944, stack(0x0000005623600000,0x0000005623700000)]
  0x00000206939ba000 JavaThread "Cancel handler" [_thread_blocked, id=8548, stack(0x0000005623700000,0x0000005623800000)]
  0x0000020693d08800 JavaThread "Daemon worker" [_thread_blocked, id=4196, stack(0x0000005623800000,0x0000005623900000)]
  0x0000020694458800 JavaThread "Asynchronous log dispatcher for DefaultDaemonConnection: socket connection from /127.0.0.1:52283 to /127.0.0.1:52284" [_thread_blocked, id=1788, stack(0x0000005623900000,0x0000005623a00000)]
  0x000002069431e000 JavaThread "Daemon client event forwarder" [_thread_blocked, id=5892, stack(0x0000005623b00000,0x0000005623c00000)]
  0x0000020694319800 JavaThread "Cache worker for file hash cache (C:\Users\Alexsandr\.gradle\caches\7.0.2\fileHashes)" [_thread_blocked, id=8652, stack(0x0000005623d00000,0x0000005623e00000)]
  0x000002069431b800 JavaThread "File lock request listener" [_thread_in_native, id=1228, stack(0x0000005623e00000,0x0000005623f00000)]
  0x000002069431a800 JavaThread "Cache worker for journal cache (C:\Users\Alexsandr\.gradle\caches\journal-1)" [_thread_blocked, id=1820, stack(0x0000005623f00000,0x0000005624000000)]
  0x000002069431f800 JavaThread "Cache worker for file hash cache (C:\PrGit\Finance\.gradle\7.0.2\fileHashes)" [_thread_blocked, id=9156, stack(0x0000005624000000,0x0000005624100000)]
  0x000002069431c000 JavaThread "File watcher server" daemon [_thread_in_native, id=8932, stack(0x0000005624100000,0x0000005624200000)]
  0x000002069431e800 JavaThread "File watcher consumer" daemon [_thread_blocked, id=7776, stack(0x0000005624200000,0x0000005624300000)]
  0x000002069431d000 JavaThread "jar transforms" [_thread_blocked, id=7672, stack(0x0000005624300000,0x0000005624400000)]
  0x0000020694320000 JavaThread "jar transforms Thread 2" [_thread_blocked, id=4204, stack(0x0000005624400000,0x0000005624500000)]
  0x0000020694570000 JavaThread "jar transforms Thread 3" [_thread_blocked, id=3880, stack(0x0000005624500000,0x0000005624600000)]
  0x000002069456c000 JavaThread "jar transforms Thread 4" [_thread_blocked, id=5152, stack(0x0000005624600000,0x0000005624700000)]
  0x000002069456d800 JavaThread "Cache worker for checksums cache (C:\PrGit\Finance\.gradle\checksums)" [_thread_blocked, id=4836, stack(0x0000005624700000,0x0000005624800000)]
  0x000002069456d000 JavaThread "Cache worker for cache directory md-supplier (C:\Users\Alexsandr\.gradle\caches\7.0.2\md-supplier)" [_thread_blocked, id=2608, stack(0x0000005624800000,0x0000005624900000)]
  0x000002069456f800 JavaThread "Cache worker for cache directory md-rule (C:\Users\Alexsandr\.gradle\caches\7.0.2\md-rule)" [_thread_blocked, id=1644, stack(0x0000005624900000,0x0000005624a00000)]
  0x0000020694571000 JavaThread "Cache worker for execution history cache (C:\Users\Alexsandr\.gradle\caches\7.0.2\executionHistory)" [_thread_blocked, id=4328, stack(0x0000005624a00000,0x0000005624b00000)]
  0x000002069456b000 JavaThread "Cache worker for file content cache (C:\Users\Alexsandr\.gradle\caches\7.0.2\fileContent)" [_thread_blocked, id=2744, stack(0x0000005624b00000,0x0000005624c00000)]
  0x0000020696696000 JavaThread "Cache worker for dependencies-accessors (C:\PrGit\Finance\.gradle\7.0.2\dependencies-accessors)" [_thread_blocked, id=7932, stack(0x0000005624c00000,0x0000005624d00000)]
  0x0000020696697000 JavaThread "Cache worker for Build Output Cleanup Cache (C:\PrGit\Finance\.gradle\buildOutputCleanup)" [_thread_blocked, id=9040, stack(0x0000005624d00000,0x0000005624e00000)]
  0x0000020696691000 JavaThread "Build operations" [_thread_blocked, id=5028, stack(0x0000005624e00000,0x0000005624f00000)]
  0x0000020696697800 JavaThread "Build operations Thread 2" [_thread_blocked, id=2920, stack(0x0000005624f00000,0x0000005625000000)]
  0x0000020696695000 JavaThread "Build operations Thread 3" [_thread_blocked, id=6852, stack(0x0000005625000000,0x0000005625100000)]
  0x0000020696692000 JavaThread "Build operations Thread 4" [_thread_blocked, id=3388, stack(0x0000005625100000,0x0000005625200000)]
  0x0000020696698800 JavaThread "Memory manager" [_thread_blocked, id=2916, stack(0x0000005625400000,0x0000005625500000)]

Other Threads:
=>0x00000206fe847800 VMThread "VM Thread" [stack: 0x0000005622500000,0x0000005622600000] [id=5404]
  0x00000206ff34a800 WatcherThread [stack: 0x0000005622f00000,0x0000005623000000] [id=8368]
  0x00000206f74f2000 GCTaskThread "GC Thread#0" [stack: 0x0000005622000000,0x0000005622100000] [id=8920]
  0x00000206ff70b000 GCTaskThread "GC Thread#1" [stack: 0x0000005623000000,0x0000005623100000] [id=2288]
  0x00000206ff907000 GCTaskThread "GC Thread#2" [stack: 0x0000005623100000,0x0000005623200000] [id=3744]
  0x0000020694318800 GCTaskThread "GC Thread#3" [stack: 0x0000005623c00000,0x0000005623d00000] [id=6556]
  0x00000206f7525800 ConcurrentGCThread "G1 Main Marker" [stack: 0x0000005622100000,0x0000005622200000] [id=7800]
  0x00000206f7527000 ConcurrentGCThread "G1 Conc#0" [stack: 0x0000005622200000,0x0000005622300000] [id=7204]
  0x00000206f75b7800 ConcurrentGCThread "G1 Refine#0" [stack: 0x0000005622300000,0x0000005622400000] [id=6560]
  0x00000206f75b8800 ConcurrentGCThread "G1 Young RemSet Sampling" [stack: 0x0000005622400000,0x0000005622500000] [id=7436]

Threads with active compile tasks:
C2 CompilerThread0  72817 12336       4       org.objectweb.asm.ClassReader::readCode (5089 bytes)

VM state:at safepoint (normal execution)

VM Mutex/Monitor currently owned by a thread:  ([mutex/lock_event])
[0x00000206f74d7200] Threads_lock - owner thread: 0x00000206fe847800
[0x00000206f74d6fc0] Heap_lock - owner thread: 0x0000020696697800

Heap address: 0x0000000080000000, size: 2048 MB, Compressed Oops mode: 32-bit
Narrow klass base: 0x0000000000000000, Narrow klass shift: 3
Compressed class space size: 1073741824 Address: 0x0000000100000000

Heap:
 garbage-first heap   total 415744K, used 137240K [0x0000000080000000, 0x0000000100000000)
  region size 1024K, 7 young (7168K), 7 survivors (7168K)
 Metaspace       used 98110K, capacity 100575K, committed 100720K, reserved 1136640K
  class space    used 12424K, capacity 13311K, committed 13388K, reserved 1048576K
Heap Regions: E=young(eden), S=young(survivor), O=old, HS=humongous(starts), HC=humongous(continues), CS=collection set, F=free, A=archive, TAMS=top-at-mark-start (previous, next)
|   0|0x0000000080000000, 0x0000000080100000, 0x0000000080100000|100%| O|  |TAMS 0x0000000080100000, 0x0000000080000000| Untracked 
|   1|0x0000000080100000, 0x0000000080200000, 0x0000000080200000|100%| O|  |TAMS 0x0000000080200000, 0x0000000080100000| Untracked 
|   2|0x0000000080200000, 0x0000000080300000, 0x0000000080300000|100%| O|  |TAMS 0x0000000080300000, 0x0000000080200000| Untracked 
|   3|0x0000000080300000, 0x0000000080400000, 0x0000000080400000|100%|HS|  |TAMS 0x0000000080400000, 0x0000000080300000| Complete 
|   4|0x0000000080400000, 0x0000000080500000, 0x0000000080500000|100%|HC|  |TAMS 0x0000000080500000, 0x0000000080400000| Complete 
|   5|0x0000000080500000, 0x0000000080600000, 0x0000000080600000|100%|HC|  |TAMS 0x0000000080600000, 0x0000000080500000| Complete 
|   6|0x0000000080600000, 0x0000000080700000, 0x0000000080700000|100%| O|  |TAMS 0x0000000080700000, 0x0000000080600000| Untracked 
|   7|0x0000000080700000, 0x0000000080800000, 0x0000000080800000|100%| O|  |TAMS 0x0000000080800000, 0x0000000080700000| Untracked 
|   8|0x0000000080800000, 0x0000000080900000, 0x0000000080900000|100%| O|  |TAMS 0x0000000080900000, 0x0000000080800000| Untracked 
|   9|0x0000000080900000, 0x0000000080a00000, 0x0000000080a00000|100%| O|  |TAMS 0x0000000080a00000, 0x0000000080900000| Untracked 
|  10|0x0000000080a00000, 0x0000000080b00000, 0x0000000080b00000|100%| O|  |TAMS 0x0000000080b00000, 0x0000000080a00000| Untracked 
|  11|0x0000000080b00000, 0x0000000080c00000, 0x0000000080c00000|100%| O|  |TAMS 0x0000000080c00000, 0x0000000080b00000| Untracked 
|  12|0x0000000080c00000, 0x0000000080d00000, 0x0000000080d00000|100%| O|  |TAMS 0x0000000080d00000, 0x0000000080c00000| Untracked 
|  13|0x0000000080d00000, 0x0000000080e00000, 0x0000000080e00000|100%| O|  |TAMS 0x0000000080e00000, 0x0000000080d00000| Untracked 
|  14|0x0000000080e00000, 0x0000000080f00000, 0x0000000080f00000|100%| O|  |TAMS 0x0000000080f00000, 0x0000000080e00000| Untracked 
|  15|0x0000000080f00000, 0x0000000081000000, 0x0000000081000000|100%| O|  |TAMS 0x0000000081000000, 0x0000000080f00000| Untracked 
|  16|0x0000000081000000, 0x0000000081100000, 0x0000000081100000|100%|HS|  |TAMS 0x0000000081100000, 0x0000000081000000| Complete 
|  17|0x0000000081100000, 0x0000000081200000, 0x0000000081200000|100%|HC|  |TAMS 0x0000000081200000, 0x0000000081100000| Complete 
|  18|0x0000000081200000, 0x0000000081300000, 0x0000000081300000|100%|HS|  |TAMS 0x0000000081300000, 0x0000000081200000| Complete 
|  19|0x0000000081300000, 0x0000000081400000, 0x0000000081400000|100%|HC|  |TAMS 0x0000000081400000, 0x0000000081300000| Complete 
|  20|0x0000000081400000, 0x0000000081500000, 0x0000000081500000|100%|HC|  |TAMS 0x0000000081500000, 0x0000000081400000| Complete 
|  21|0x0000000081500000, 0x0000000081600000, 0x0000000081600000|100%|HS|  |TAMS 0x0000000081600000, 0x0000000081500000| Complete 
|  22|0x0000000081600000, 0x0000000081700000, 0x0000000081700000|100%|HC|  |TAMS 0x0000000081700000, 0x0000000081600000| Complete 
|  23|0x0000000081700000, 0x0000000081800000, 0x0000000081800000|100%|HC|  |TAMS 0x0000000081800000, 0x0000000081700000| Complete 
|  24|0x0000000081800000, 0x0000000081900000, 0x0000000081900000|100%|HC|  |TAMS 0x0000000081900000, 0x0000000081800000| Complete 
|  25|0x0000000081900000, 0x0000000081a00000, 0x0000000081a00000|100%| O|  |TAMS 0x0000000081a00000, 0x0000000081900000| Untracked 
|  26|0x0000000081a00000, 0x0000000081b00000, 0x0000000081b00000|100%| O|  |TAMS 0x0000000081b00000, 0x0000000081a00000| Untracked 
|  27|0x0000000081b00000, 0x0000000081c00000, 0x0000000081c00000|100%| O|  |TAMS 0x0000000081c00000, 0x0000000081b00000| Untracked 
|  28|0x0000000081c00000, 0x0000000081d00000, 0x0000000081d00000|100%| O|  |TAMS 0x0000000081d00000, 0x0000000081c00000| Untracked 
|  29|0x0000000081d00000, 0x0000000081e00000, 0x0000000081e00000|100%| O|  |TAMS 0x0000000081e00000, 0x0000000081d00000| Untracked 
|  30|0x0000000081e00000, 0x0000000081f00000, 0x0000000081f00000|100%| O|  |TAMS 0x0000000081f00000, 0x0000000081e00000| Untracked 
|  31|0x0000000081f00000, 0x0000000082000000, 0x0000000082000000|100%| O|  |TAMS 0x0000000082000000, 0x0000000081f00000| Untracked 
|  32|0x0000000082000000, 0x0000000082100000, 0x0000000082100000|100%| O|  |TAMS 0x0000000082100000, 0x0000000082000000| Untracked 
|  33|0x0000000082100000, 0x0000000082200000, 0x0000000082200000|100%| O|  |TAMS 0x0000000082200000, 0x0000000082100000| Untracked 
|  34|0x0000000082200000, 0x0000000082300000, 0x0000000082300000|100%| O|  |TAMS 0x0000000082300000, 0x0000000082200000| Untracked 
|  35|0x0000000082300000, 0x0000000082400000, 0x0000000082400000|100%| O|  |TAMS 0x0000000082400000, 0x0000000082300000| Untracked 
|  36|0x0000000082400000, 0x0000000082500000, 0x0000000082500000|100%| O|  |TAMS 0x0000000082500000, 0x0000000082400000| Untracked 
|  37|0x0000000082500000, 0x0000000082600000, 0x0000000082600000|100%| O|  |TAMS 0x0000000082600000, 0x0000000082500000| Untracked 
|  38|0x0000000082600000, 0x0000000082700000, 0x0000000082700000|100%| O|  |TAMS 0x0000000082700000, 0x0000000082600000| Untracked 
|  39|0x0000000082700000, 0x0000000082800000, 0x0000000082800000|100%|HS|  |TAMS 0x0000000082800000, 0x0000000082700000| Complete 
|  40|0x0000000082800000, 0x0000000082900000, 0x0000000082900000|100%|HC|  |TAMS 0x0000000082900000, 0x0000000082800000| Complete 
|  41|0x0000000082900000, 0x0000000082a00000, 0x0000000082a00000|100%|HC|  |TAMS 0x0000000082a00000, 0x0000000082900000| Complete 
|  42|0x0000000082a00000, 0x0000000082b00000, 0x0000000082b00000|100%| O|  |TAMS 0x0000000082b00000, 0x0000000082a00000| Untracked 
|  43|0x0000000082b00000, 0x0000000082c00000, 0x0000000082c00000|100%| O|  |TAMS 0x0000000082c00000, 0x0000000082b00000| Untracked 
|  44|0x0000000082c00000, 0x0000000082d00000, 0x0000000082d00000|100%| O|  |TAMS 0x0000000082d00000, 0x0000000082c00000| Untracked 
|  45|0x0000000082d00000, 0x0000000082e00000, 0x0000000082e00000|100%| O|  |TAMS 0x0000000082e00000, 0x0000000082d00000| Untracked 
|  46|0x0000000082e00000, 0x0000000082f00000, 0x0000000082f00000|100%|HS|  |TAMS 0x0000000082f00000, 0x0000000082e00000| Complete 
|  47|0x0000000082f00000, 0x0000000083000000, 0x0000000083000000|100%|HC|  |TAMS 0x0000000083000000, 0x0000000082f00000| Complete 
|  48|0x0000000083000000, 0x0000000083100000, 0x0000000083100000|100%|HC|  |TAMS 0x0000000083100000, 0x0000000083000000| Complete 
|  49|0x0000000083100000, 0x0000000083200000, 0x0000000083200000|100%|HC|  |TAMS 0x0000000083200000, 0x0000000083100000| Complete 
|  50|0x0000000083200000, 0x0000000083300000, 0x0000000083300000|100%| O|  |TAMS 0x0000000083300000, 0x0000000083200000| Untracked 
|  51|0x0000000083300000, 0x0000000083400000, 0x0000000083400000|100%| O|  |TAMS 0x0000000083400000, 0x0000000083300000| Untracked 
|  52|0x0000000083400000, 0x0000000083500000, 0x0000000083500000|100%| O|  |TAMS 0x0000000083500000, 0x0000000083400000| Untracked 
|  53|0x0000000083500000, 0x0000000083600000, 0x0000000083600000|100%|HS|  |TAMS 0x0000000083600000, 0x0000000083500000| Complete 
|  54|0x0000000083600000, 0x0000000083700000, 0x0000000083700000|100%|HS|  |TAMS 0x0000000083700000, 0x0000000083600000| Complete 
|  55|0x0000000083700000, 0x0000000083800000, 0x0000000083800000|100%|HS|  |TAMS 0x0000000083800000, 0x0000000083700000| Complete 
|  56|0x0000000083800000, 0x0000000083900000, 0x0000000083900000|100%|HS|  |TAMS 0x0000000083900000, 0x0000000083800000| Complete 
|  57|0x0000000083900000, 0x0000000083a00000, 0x0000000083a00000|100%|HC|  |TAMS 0x0000000083a00000, 0x0000000083900000| Complete 
|  58|0x0000000083a00000, 0x0000000083b00000, 0x0000000083b00000|100%|HC|  |TAMS 0x0000000083b00000, 0x0000000083a00000| Complete 
|  59|0x0000000083b00000, 0x0000000083c00000, 0x0000000083c00000|100%|HS|  |TAMS 0x0000000083c00000, 0x0000000083b00000| Complete 
|  60|0x0000000083c00000, 0x0000000083d00000, 0x0000000083d00000|100%|HC|  |TAMS 0x0000000083d00000, 0x0000000083c00000| Complete 
|  61|0x0000000083d00000, 0x0000000083e00000, 0x0000000083e00000|100%| O|  |TAMS 0x0000000083e00000, 0x0000000083d00000| Untracked 
|  62|0x0000000083e00000, 0x0000000083f00000, 0x0000000083f00000|100%| O|  |TAMS 0x0000000083f00000, 0x0000000083e00000| Untracked 
|  63|0x0000000083f00000, 0x0000000084000000, 0x0000000084000000|100%| O|  |TAMS 0x0000000084000000, 0x0000000083f00000| Untracked 
|  64|0x0000000084000000, 0x0000000084100000, 0x0000000084100000|100%| O|  |TAMS 0x0000000084100000, 0x0000000084000000| Untracked 
|  65|0x0000000084100000, 0x0000000084200000, 0x0000000084200000|100%| O|  |TAMS 0x0000000084200000, 0x0000000084100000| Untracked 
|  66|0x0000000084200000, 0x0000000084300000, 0x0000000084300000|100%| O|  |TAMS 0x0000000084300000, 0x0000000084200000| Untracked 
|  67|0x0000000084300000, 0x0000000084400000, 0x0000000084400000|100%| O|  |TAMS 0x0000000084400000, 0x0000000084300000| Untracked 
|  68|0x0000000084400000, 0x0000000084500000, 0x0000000084500000|100%| O|  |TAMS 0x0000000084500000, 0x0000000084400000| Untracked 
|  69|0x0000000084500000, 0x0000000084600000, 0x0000000084600000|100%| O|  |TAMS 0x0000000084600000, 0x0000000084500000| Untracked 
|  70|0x0000000084600000, 0x0000000084700000, 0x0000000084700000|100%| O|  |TAMS 0x0000000084700000, 0x0000000084600000| Untracked 
|  71|0x0000000084700000, 0x0000000084800000, 0x0000000084800000|100%| O|  |TAMS 0x0000000084800000, 0x0000000084700000| Untracked 
|  72|0x0000000084800000, 0x0000000084900000, 0x0000000084900000|100%| O|  |TAMS 0x0000000084900000, 0x0000000084800000| Untracked 
|  73|0x0000000084900000, 0x0000000084a00000, 0x0000000084a00000|100%| O|  |TAMS 0x0000000084a00000, 0x0000000084900000| Untracked 
|  74|0x0000000084a00000, 0x0000000084b00000, 0x0000000084b00000|100%| O|  |TAMS 0x0000000084b00000, 0x0000000084a00000| Untracked 
|  75|0x0000000084b00000, 0x0000000084c00000, 0x0000000084c00000|100%| O|  |TAMS 0x0000000084c00000, 0x0000000084b00000| Untracked 
|  76|0x0000000084c00000, 0x0000000084d00000, 0x0000000084d00000|100%| O|  |TAMS 0x0000000084d00000, 0x0000000084c00000| Untracked 
|  77|0x0000000084d00000, 0x0000000084e00000, 0x0000000084e00000|100%| O|  |TAMS 0x0000000084e00000, 0x0000000084d00000| Untracked 
|  78|0x0000000084e00000, 0x0000000084f00000, 0x0000000084f00000|100%| O|  |TAMS 0x0000000084f00000, 0x0000000084e00000| Untracked 
|  79|0x0000000084f00000, 0x0000000085000000, 0x0000000085000000|100%| O|  |TAMS 0x0000000085000000, 0x0000000084f00000| Untracked 
|  80|0x0000000085000000, 0x0000000085100000, 0x0000000085100000|100%| O|  |TAMS 0x0000000085100000, 0x0000000085000000| Untracked 
|  81|0x0000000085100000, 0x0000000085200000, 0x0000000085200000|100%| O|  |TAMS 0x0000000085200000, 0x0000000085100000| Untracked 
|  82|0x0000000085200000, 0x0000000085300000, 0x0000000085300000|100%| O|  |TAMS 0x0000000085300000, 0x0000000085200000| Untracked 
|  83|0x0000000085300000, 0x0000000085400000, 0x0000000085400000|100%| O|  |TAMS 0x0000000085400000, 0x0000000085300000| Untracked 
|  84|0x0000000085400000, 0x0000000085500000, 0x0000000085500000|100%| O|  |TAMS 0x0000000085500000, 0x0000000085400000| Untracked 
|  85|0x0000000085500000, 0x0000000085600000, 0x0000000085600000|100%| O|  |TAMS 0x0000000085600000, 0x0000000085500000| Untracked 
|  86|0x0000000085600000, 0x0000000085700000, 0x0000000085700000|100%| O|  |TAMS 0x0000000085700000, 0x0000000085600000| Untracked 
|  87|0x0000000085700000, 0x0000000085800000, 0x0000000085800000|100%| O|  |TAMS 0x0000000085800000, 0x0000000085700000| Untracked 
|  88|0x0000000085800000, 0x0000000085900000, 0x0000000085900000|100%| O|  |TAMS 0x0000000085900000, 0x0000000085800000| Untracked 
|  89|0x0000000085900000, 0x0000000085a00000, 0x0000000085a00000|100%| O|  |TAMS 0x0000000085a00000, 0x0000000085900000| Untracked 
|  90|0x0000000085a00000, 0x0000000085b00000, 0x0000000085b00000|100%|HS|  |TAMS 0x0000000085b00000, 0x0000000085a00000| Complete 
|  91|0x0000000085b00000, 0x0000000085c00000, 0x0000000085c00000|100%|HC|  |TAMS 0x0000000085c00000, 0x0000000085b00000| Complete 
|  92|0x0000000085c00000, 0x0000000085d00000, 0x0000000085d00000|100%|HS|  |TAMS 0x0000000085d00000, 0x0000000085c00000| Complete 
|  93|0x0000000085d00000, 0x0000000085e00000, 0x0000000085e00000|100%|HC|  |TAMS 0x0000000085e00000, 0x0000000085d00000| Complete 
|  94|0x0000000085e00000, 0x0000000085f00000, 0x0000000085f00000|100%|HC|  |TAMS 0x0000000085f00000, 0x0000000085e00000| Complete 
|  95|0x0000000085f00000, 0x0000000086000000, 0x0000000086000000|100%|HS|  |TAMS 0x0000000086000000, 0x0000000085f00000| Complete 
|  96|0x0000000086000000, 0x0000000086100000, 0x0000000086100000|100%|HC|  |TAMS 0x0000000086100000, 0x0000000086000000| Complete 
|  97|0x0000000086100000, 0x0000000086200000, 0x0000000086200000|100%|HC|  |TAMS 0x0000000086200000, 0x0000000086100000| Complete 
|  98|0x0000000086200000, 0x0000000086300000, 0x0000000086300000|100%|HC|  |TAMS 0x0000000086300000, 0x0000000086200000| Complete 
|  99|0x0000000086300000, 0x0000000086400000, 0x0000000086400000|100%| O|  |TAMS 0x0000000086400000, 0x0000000086300000| Untracked 
| 100|0x0000000086400000, 0x0000000086500000, 0x0000000086500000|100%| O|  |TAMS 0x0000000086500000, 0x0000000086400000| Untracked 
| 101|0x0000000086500000, 0x0000000086600000, 0x0000000086600000|100%| O|  |TAMS 0x0000000086600000, 0x0000000086500000| Untracked 
| 102|0x0000000086600000, 0x0000000086700000, 0x0000000086700000|100%| O|  |TAMS 0x0000000086700000, 0x0000000086600000| Untracked 
| 103|0x0000000086700000, 0x0000000086800000, 0x0000000086800000|100%| O|  |TAMS 0x0000000086800000, 0x0000000086700000| Untracked 
| 104|0x0000000086800000, 0x0000000086900000, 0x0000000086900000|100%| O|  |TAMS 0x0000000086900000, 0x0000000086800000| Untracked 
| 105|0x0000000086900000, 0x0000000086a00000, 0x0000000086a00000|100%| O|  |TAMS 0x0000000086a00000, 0x0000000086900000| Untracked 
| 106|0x0000000086a00000, 0x0000000086b00000, 0x0000000086b00000|100%| O|  |TAMS 0x0000000086b00000, 0x0000000086a00000| Untracked 
| 107|0x0000000086b00000, 0x0000000086c00000, 0x0000000086c00000|100%| O|  |TAMS 0x0000000086c00000, 0x0000000086b00000| Untracked 
| 108|0x0000000086c00000, 0x0000000086d00000, 0x0000000086d00000|100%| O|  |TAMS 0x0000000086d00000, 0x0000000086c00000| Untracked 
| 109|0x0000000086d00000, 0x0000000086e00000, 0x0000000086e00000|100%| O|  |TAMS 0x0000000086e00000, 0x0000000086d00000| Untracked 
| 110|0x0000000086e00000, 0x0000000086f00000, 0x0000000086f00000|100%| O|  |TAMS 0x0000000086f00000, 0x0000000086e00000| Untracked 
| 111|0x0000000086f00000, 0x0000000087000000, 0x0000000087000000|100%| O|  |TAMS 0x0000000087000000, 0x0000000086f00000| Untracked 
| 112|0x0000000087000000, 0x0000000087100000, 0x0000000087100000|100%| O|  |TAMS 0x0000000087100000, 0x0000000087000000| Untracked 
| 113|0x0000000087100000, 0x0000000087200000, 0x0000000087200000|100%| O|  |TAMS 0x0000000087200000, 0x0000000087100000| Untracked 
| 114|0x0000000087200000, 0x0000000087300000, 0x0000000087300000|100%| O|  |TAMS 0x0000000087300000, 0x0000000087200000| Untracked 
| 115|0x0000000087300000, 0x0000000087400000, 0x0000000087400000|100%| O|  |TAMS 0x0000000087400000, 0x0000000087300000| Untracked 
| 116|0x0000000087400000, 0x0000000087500000, 0x0000000087500000|100%| O|  |TAMS 0x0000000087500000, 0x0000000087400000| Untracked 
| 117|0x0000000087500000, 0x0000000087600000, 0x0000000087600000|100%| O|  |TAMS 0x0000000087600000, 0x0000000087500000| Untracked 
| 118|0x0000000087600000, 0x0000000087700000, 0x0000000087700000|100%| O|  |TAMS 0x0000000087700000, 0x0000000087600000| Untracked 
| 119|0x0000000087700000, 0x0000000087800000, 0x0000000087800000|100%| O|  |TAMS 0x0000000087800000, 0x0000000087700000| Untracked 
| 120|0x0000000087800000, 0x0000000087900000, 0x0000000087900000|100%| O|  |TAMS 0x0000000087900000, 0x0000000087800000| Untracked 
| 121|0x0000000087900000, 0x0000000087a00000, 0x0000000087a00000|100%| O|  |TAMS 0x0000000087a00000, 0x0000000087900000| Untracked 
| 122|0x0000000087a00000, 0x0000000087b00000, 0x0000000087b00000|100%| O|  |TAMS 0x0000000087b00000, 0x0000000087a00000| Untracked 
| 123|0x0000000087b00000, 0x0000000087c00000, 0x0000000087c00000|100%| O|  |TAMS 0x0000000087c00000, 0x0000000087b00000| Untracked 
| 124|0x0000000087c00000, 0x0000000087d00000, 0x0000000087d00000|100%| O|  |TAMS 0x0000000087d00000, 0x0000000087c00000| Untracked 
| 125|0x0000000087d00000, 0x0000000087e00000, 0x0000000087e00000|100%| O|  |TAMS 0x0000000087dad800, 0x0000000087d00000| Untracked 
| 126|0x0000000087e00000, 0x0000000087f00000, 0x0000000087f00000|100%| O|  |TAMS 0x0000000087e00000, 0x0000000087e00000| Untracked 
| 127|0x0000000087f00000, 0x0000000087fd2600, 0x0000000088000000| 82%| O|  |TAMS 0x0000000087f00000, 0x0000000087f00000| Untracked 
| 128|0x0000000088000000, 0x0000000088000000, 0x0000000088100000|  0%| F|  |TAMS 0x0000000088000000, 0x0000000088000000| Untracked 
| 129|0x0000000088100000, 0x0000000088100000, 0x0000000088200000|  0%| F|  |TAMS 0x0000000088100000, 0x0000000088100000| Untracked 
| 130|0x0000000088200000, 0x0000000088200000, 0x0000000088300000|  0%| F|  |TAMS 0x0000000088200000, 0x0000000088200000| Untracked 
| 131|0x0000000088300000, 0x0000000088300000, 0x0000000088400000|  0%| F|  |TAMS 0x0000000088300000, 0x0000000088300000| Untracked 
| 132|0x0000000088400000, 0x0000000088400000, 0x0000000088500000|  0%| F|  |TAMS 0x0000000088400000, 0x0000000088400000| Untracked 
| 133|0x0000000088500000, 0x0000000088500000, 0x0000000088600000|  0%| F|  |TAMS 0x0000000088500000, 0x0000000088500000| Untracked 
| 134|0x0000000088600000, 0x0000000088600000, 0x0000000088700000|  0%| F|  |TAMS 0x0000000088600000, 0x0000000088600000| Untracked 
| 135|0x0000000088700000, 0x0000000088700000, 0x0000000088800000|  0%| F|  |TAMS 0x0000000088700000, 0x0000000088700000| Untracked 
| 136|0x0000000088800000, 0x0000000088800000, 0x0000000088900000|  0%| F|  |TAMS 0x0000000088800000, 0x0000000088800000| Untracked 
| 137|0x0000000088900000, 0x0000000088900000, 0x0000000088a00000|  0%| F|  |TAMS 0x0000000088900000, 0x0000000088900000| Untracked 
| 138|0x0000000088a00000, 0x0000000088a00000, 0x0000000088b00000|  0%| F|  |TAMS 0x0000000088a00000, 0x0000000088a00000| Untracked 
| 139|0x0000000088b00000, 0x0000000088b00000, 0x0000000088c00000|  0%| F|  |TAMS 0x0000000088b00000, 0x0000000088b00000| Untracked 
| 140|0x0000000088c00000, 0x0000000088c00000, 0x0000000088d00000|  0%| F|  |TAMS 0x0000000088c00000, 0x0000000088c00000| Untracked 
| 141|0x0000000088d00000, 0x0000000088d00000, 0x0000000088e00000|  0%| F|  |TAMS 0x0000000088d00000, 0x0000000088d00000| Untracked 
| 142|0x0000000088e00000, 0x0000000088e00000, 0x0000000088f00000|  0%| F|  |TAMS 0x0000000088e00000, 0x0000000088e00000| Untracked 
| 143|0x0000000088f00000, 0x0000000088f00000, 0x0000000089000000|  0%| F|  |TAMS 0x0000000088f00000, 0x0000000088f00000| Untracked 
| 144|0x0000000089000000, 0x0000000089000000, 0x0000000089100000|  0%| F|  |TAMS 0x0000000089000000, 0x0000000089000000| Untracked 
| 145|0x0000000089100000, 0x0000000089100000, 0x0000000089200000|  0%| F|  |TAMS 0x0000000089100000, 0x0000000089100000| Untracked 
| 146|0x0000000089200000, 0x0000000089200000, 0x0000000089300000|  0%| F|  |TAMS 0x0000000089200000, 0x0000000089200000| Untracked 
| 147|0x0000000089300000, 0x0000000089300000, 0x0000000089400000|  0%| F|  |TAMS 0x0000000089300000, 0x0000000089300000| Untracked 
| 148|0x0000000089400000, 0x0000000089400000, 0x0000000089500000|  0%| F|  |TAMS 0x0000000089400000, 0x0000000089400000| Untracked 
| 149|0x0000000089500000, 0x0000000089500000, 0x0000000089600000|  0%| F|  |TAMS 0x0000000089500000, 0x0000000089500000| Untracked 
| 150|0x0000000089600000, 0x0000000089600000, 0x0000000089700000|  0%| F|  |TAMS 0x0000000089600000, 0x0000000089600000| Untracked 
| 151|0x0000000089700000, 0x0000000089700000, 0x0000000089800000|  0%| F|  |TAMS 0x0000000089700000, 0x0000000089700000| Untracked 
| 152|0x0000000089800000, 0x0000000089800000, 0x0000000089900000|  0%| F|  |TAMS 0x0000000089800000, 0x0000000089800000| Untracked 
| 153|0x0000000089900000, 0x0000000089900000, 0x0000000089a00000|  0%| F|  |TAMS 0x0000000089900000, 0x0000000089900000| Untracked 
| 154|0x0000000089a00000, 0x0000000089a00000, 0x0000000089b00000|  0%| F|  |TAMS 0x0000000089a00000, 0x0000000089a00000| Untracked 
| 155|0x0000000089b00000, 0x0000000089b00000, 0x0000000089c00000|  0%| F|  |TAMS 0x0000000089b00000, 0x0000000089b00000| Untracked 
| 156|0x0000000089c00000, 0x0000000089c00000, 0x0000000089d00000|  0%| F|  |TAMS 0x0000000089c00000, 0x0000000089c00000| Untracked 
| 157|0x0000000089d00000, 0x0000000089d00000, 0x0000000089e00000|  0%| F|  |TAMS 0x0000000089d00000, 0x0000000089d00000| Untracked 
| 158|0x0000000089e00000, 0x0000000089e00000, 0x0000000089f00000|  0%| F|  |TAMS 0x0000000089e00000, 0x0000000089e00000| Untracked 
| 159|0x0000000089f00000, 0x0000000089f00000, 0x000000008a000000|  0%| F|  |TAMS 0x0000000089f00000, 0x0000000089f00000| Untracked 
| 160|0x000000008a000000, 0x000000008a000000, 0x000000008a100000|  0%| F|  |TAMS 0x000000008a000000, 0x000000008a000000| Untracked 
| 161|0x000000008a100000, 0x000000008a100000, 0x000000008a200000|  0%| F|  |TAMS 0x000000008a100000, 0x000000008a100000| Untracked 
| 162|0x000000008a200000, 0x000000008a200000, 0x000000008a300000|  0%| F|  |TAMS 0x000000008a200000, 0x000000008a200000| Untracked 
| 163|0x000000008a300000, 0x000000008a300000, 0x000000008a400000|  0%| F|  |TAMS 0x000000008a300000, 0x000000008a300000| Untracked 
| 164|0x000000008a400000, 0x000000008a400000, 0x000000008a500000|  0%| F|  |TAMS 0x000000008a400000, 0x000000008a400000| Untracked 
| 165|0x000000008a500000, 0x000000008a500000, 0x000000008a600000|  0%| F|  |TAMS 0x000000008a500000, 0x000000008a500000| Untracked 
| 166|0x000000008a600000, 0x000000008a600000, 0x000000008a700000|  0%| F|  |TAMS 0x000000008a600000, 0x000000008a600000| Untracked 
| 167|0x000000008a700000, 0x000000008a700000, 0x000000008a800000|  0%| F|  |TAMS 0x000000008a700000, 0x000000008a700000| Untracked 
| 168|0x000000008a800000, 0x000000008a800000, 0x000000008a900000|  0%| F|  |TAMS 0x000000008a800000, 0x000000008a800000| Untracked 
| 169|0x000000008a900000, 0x000000008a900000, 0x000000008aa00000|  0%| F|  |TAMS 0x000000008a900000, 0x000000008a900000| Untracked 
| 170|0x000000008aa00000, 0x000000008aa00000, 0x000000008ab00000|  0%| F|  |TAMS 0x000000008aa00000, 0x000000008aa00000| Untracked 
| 171|0x000000008ab00000, 0x000000008ab00000, 0x000000008ac00000|  0%| F|  |TAMS 0x000000008ab00000, 0x000000008ab00000| Untracked 
| 172|0x000000008ac00000, 0x000000008ac00000, 0x000000008ad00000|  0%| F|  |TAMS 0x000000008ac00000, 0x000000008ac00000| Untracked 
| 173|0x000000008ad00000, 0x000000008ad00000, 0x000000008ae00000|  0%| F|  |TAMS 0x000000008ad00000, 0x000000008ad00000| Untracked 
| 174|0x000000008ae00000, 0x000000008ae00000, 0x000000008af00000|  0%| F|  |TAMS 0x000000008ae00000, 0x000000008ae00000| Untracked 
| 175|0x000000008af00000, 0x000000008af00000, 0x000000008b000000|  0%| F|  |TAMS 0x000000008af00000, 0x000000008af00000| Untracked 
| 176|0x000000008b000000, 0x000000008b000000, 0x000000008b100000|  0%| F|  |TAMS 0x000000008b000000, 0x000000008b000000| Untracked 
| 177|0x000000008b100000, 0x000000008b100000, 0x000000008b200000|  0%| F|  |TAMS 0x000000008b100000, 0x000000008b100000| Untracked 
| 178|0x000000008b200000, 0x000000008b200000, 0x000000008b300000|  0%| F|  |TAMS 0x000000008b200000, 0x000000008b200000| Untracked 
| 179|0x000000008b300000, 0x000000008b300000, 0x000000008b400000|  0%| F|  |TAMS 0x000000008b300000, 0x000000008b300000| Untracked 
| 180|0x000000008b400000, 0x000000008b400000, 0x000000008b500000|  0%| F|  |TAMS 0x000000008b400000, 0x000000008b400000| Untracked 
| 181|0x000000008b500000, 0x000000008b500000, 0x000000008b600000|  0%| F|  |TAMS 0x000000008b500000, 0x000000008b500000| Untracked 
| 182|0x000000008b600000, 0x000000008b600000, 0x000000008b700000|  0%| F|  |TAMS 0x000000008b600000, 0x000000008b600000| Untracked 
| 183|0x000000008b700000, 0x000000008b700000, 0x000000008b800000|  0%| F|  |TAMS 0x000000008b700000, 0x000000008b700000| Untracked 
| 184|0x000000008b800000, 0x000000008b800000, 0x000000008b900000|  0%| F|  |TAMS 0x000000008b800000, 0x000000008b800000| Untracked 
| 185|0x000000008b900000, 0x000000008b900000, 0x000000008ba00000|  0%| F|  |TAMS 0x000000008b900000, 0x000000008b900000| Untracked 
| 186|0x000000008ba00000, 0x000000008ba00000, 0x000000008bb00000|  0%| F|  |TAMS 0x000000008ba00000, 0x000000008ba00000| Untracked 
| 187|0x000000008bb00000, 0x000000008bb00000, 0x000000008bc00000|  0%| F|  |TAMS 0x000000008bb00000, 0x000000008bb00000| Untracked 
| 188|0x000000008bc00000, 0x000000008bc00000, 0x000000008bd00000|  0%| F|  |TAMS 0x000000008bc00000, 0x000000008bc00000| Untracked 
| 189|0x000000008bd00000, 0x000000008bd00000, 0x000000008be00000|  0%| F|  |TAMS 0x000000008bd00000, 0x000000008bd00000| Untracked 
| 190|0x000000008be00000, 0x000000008be00000, 0x000000008bf00000|  0%| F|  |TAMS 0x000000008be00000, 0x000000008be00000| Untracked 
| 191|0x000000008bf00000, 0x000000008bf00000, 0x000000008c000000|  0%| F|  |TAMS 0x000000008bf00000, 0x000000008bf00000| Untracked 
| 192|0x000000008c000000, 0x000000008c000000, 0x000000008c100000|  0%| F|  |TAMS 0x000000008c000000, 0x000000008c000000| Untracked 
| 193|0x000000008c100000, 0x000000008c133bb0, 0x000000008c200000| 20%| S|CS|TAMS 0x000000008c100000, 0x000000008c100000| Complete 
| 194|0x000000008c200000, 0x000000008c300000, 0x000000008c300000|100%| S|CS|TAMS 0x000000008c200000, 0x000000008c200000| Complete 
| 195|0x000000008c300000, 0x000000008c400000, 0x000000008c400000|100%| S|CS|TAMS 0x000000008c300000, 0x000000008c300000| Complete 
| 196|0x000000008c400000, 0x000000008c500000, 0x000000008c500000|100%| S|CS|TAMS 0x000000008c400000, 0x000000008c400000| Complete 
| 197|0x000000008c500000, 0x000000008c600000, 0x000000008c600000|100%| S|CS|TAMS 0x000000008c500000, 0x000000008c500000| Complete 
| 198|0x000000008c600000, 0x000000008c700000, 0x000000008c700000|100%| S|CS|TAMS 0x000000008c600000, 0x000000008c600000| Complete 
| 199|0x000000008c700000, 0x000000008c800000, 0x000000008c800000|100%| S|CS|TAMS 0x000000008c700000, 0x000000008c700000| Complete 
| 200|0x000000008c800000, 0x000000008c800000, 0x000000008c900000|  0%| F|  |TAMS 0x000000008c800000, 0x000000008c800000| Untracked 
| 201|0x000000008c900000, 0x000000008c900000, 0x000000008ca00000|  0%| F|  |TAMS 0x000000008c900000, 0x000000008c900000| Untracked 
| 202|0x000000008ca00000, 0x000000008ca00000, 0x000000008cb00000|  0%| F|  |TAMS 0x000000008ca00000, 0x000000008ca00000| Untracked 
| 203|0x000000008cb00000, 0x000000008cb00000, 0x000000008cc00000|  0%| F|  |TAMS 0x000000008cb00000, 0x000000008cb00000| Untracked 
| 204|0x000000008cc00000, 0x000000008cc00000, 0x000000008cd00000|  0%| F|  |TAMS 0x000000008cc00000, 0x000000008cc00000| Untracked 
| 205|0x000000008cd00000, 0x000000008cd00000, 0x000000008ce00000|  0%| F|  |TAMS 0x000000008cd00000, 0x000000008cd00000| Untracked 
| 206|0x000000008ce00000, 0x000000008ce00000, 0x000000008cf00000|  0%| F|  |TAMS 0x000000008ce00000, 0x000000008ce00000| Untracked 
| 207|0x000000008cf00000, 0x000000008cf00000, 0x000000008d000000|  0%| F|  |TAMS 0x000000008cf00000, 0x000000008cf00000| Untracked 
| 208|0x000000008d000000, 0x000000008d000000, 0x000000008d100000|  0%| F|  |TAMS 0x000000008d000000, 0x000000008d000000| Untracked 
| 209|0x000000008d100000, 0x000000008d100000, 0x000000008d200000|  0%| F|  |TAMS 0x000000008d100000, 0x000000008d100000| Untracked 
| 210|0x000000008d200000, 0x000000008d200000, 0x000000008d300000|  0%| F|  |TAMS 0x000000008d200000, 0x000000008d200000| Untracked 
| 211|0x000000008d300000, 0x000000008d300000, 0x000000008d400000|  0%| F|  |TAMS 0x000000008d300000, 0x000000008d300000| Untracked 
| 212|0x000000008d400000, 0x000000008d400000, 0x000000008d500000|  0%| F|  |TAMS 0x000000008d400000, 0x000000008d400000| Untracked 
| 213|0x000000008d500000, 0x000000008d500000, 0x000000008d600000|  0%| F|  |TAMS 0x000000008d500000, 0x000000008d500000| Untracked 
| 214|0x000000008d600000, 0x000000008d600000, 0x000000008d700000|  0%| F|  |TAMS 0x000000008d600000, 0x000000008d600000| Untracked 
| 215|0x000000008d700000, 0x000000008d700000, 0x000000008d800000|  0%| F|  |TAMS 0x000000008d700000, 0x000000008d700000| Untracked 
| 216|0x000000008d800000, 0x000000008d800000, 0x000000008d900000|  0%| F|  |TAMS 0x000000008d800000, 0x000000008d800000| Untracked 
| 217|0x000000008d900000, 0x000000008d900000, 0x000000008da00000|  0%| F|  |TAMS 0x000000008d900000, 0x000000008d900000| Untracked 
| 218|0x000000008da00000, 0x000000008da00000, 0x000000008db00000|  0%| F|  |TAMS 0x000000008da00000, 0x000000008da00000| Untracked 
| 219|0x000000008db00000, 0x000000008db00000, 0x000000008dc00000|  0%| F|  |TAMS 0x000000008db00000, 0x000000008db00000| Untracked 
| 220|0x000000008dc00000, 0x000000008dc00000, 0x000000008dd00000|  0%| F|  |TAMS 0x000000008dc00000, 0x000000008dc00000| Untracked 
| 221|0x000000008dd00000, 0x000000008dd00000, 0x000000008de00000|  0%| F|  |TAMS 0x000000008dd00000, 0x000000008dd00000| Untracked 
| 222|0x000000008de00000, 0x000000008de00000, 0x000000008df00000|  0%| F|  |TAMS 0x000000008de00000, 0x000000008de00000| Untracked 
| 223|0x000000008df00000, 0x000000008df00000, 0x000000008e000000|  0%| F|  |TAMS 0x000000008df00000, 0x000000008df00000| Untracked 
| 224|0x000000008e000000, 0x000000008e000000, 0x000000008e100000|  0%| F|  |TAMS 0x000000008e000000, 0x000000008e000000| Untracked 
| 225|0x000000008e100000, 0x000000008e100000, 0x000000008e200000|  0%| F|  |TAMS 0x000000008e100000, 0x000000008e100000| Untracked 
| 226|0x000000008e200000, 0x000000008e200000, 0x000000008e300000|  0%| F|  |TAMS 0x000000008e200000, 0x000000008e200000| Untracked 
| 227|0x000000008e300000, 0x000000008e300000, 0x000000008e400000|  0%| F|  |TAMS 0x000000008e300000, 0x000000008e300000| Untracked 
| 228|0x000000008e400000, 0x000000008e400000, 0x000000008e500000|  0%| F|  |TAMS 0x000000008e400000, 0x000000008e400000| Untracked 
| 229|0x000000008e500000, 0x000000008e500000, 0x000000008e600000|  0%| F|  |TAMS 0x000000008e500000, 0x000000008e500000| Untracked 
| 230|0x000000008e600000, 0x000000008e600000, 0x000000008e700000|  0%| F|  |TAMS 0x000000008e600000, 0x000000008e600000| Untracked 
| 231|0x000000008e700000, 0x000000008e700000, 0x000000008e800000|  0%| F|  |TAMS 0x000000008e700000, 0x000000008e700000| Untracked 
| 232|0x000000008e800000, 0x000000008e800000, 0x000000008e900000|  0%| F|  |TAMS 0x000000008e800000, 0x000000008e800000| Untracked 
| 233|0x000000008e900000, 0x000000008e900000, 0x000000008ea00000|  0%| F|  |TAMS 0x000000008e900000, 0x000000008e900000| Untracked 
| 234|0x000000008ea00000, 0x000000008ea00000, 0x000000008eb00000|  0%| F|  |TAMS 0x000000008ea00000, 0x000000008ea00000| Untracked 
| 235|0x000000008eb00000, 0x000000008eb00000, 0x000000008ec00000|  0%| F|  |TAMS 0x000000008eb00000, 0x000000008eb00000| Untracked 
| 236|0x000000008ec00000, 0x000000008ec00000, 0x000000008ed00000|  0%| F|  |TAMS 0x000000008ec00000, 0x000000008ec00000| Untracked 
| 237|0x000000008ed00000, 0x000000008ed00000, 0x000000008ee00000|  0%| F|  |TAMS 0x000000008ed00000, 0x000000008ed00000| Untracked 
| 238|0x000000008ee00000, 0x000000008ee00000, 0x000000008ef00000|  0%| F|  |TAMS 0x000000008ee00000, 0x000000008ee00000| Untracked 
| 239|0x000000008ef00000, 0x000000008ef00000, 0x000000008f000000|  0%| F|  |TAMS 0x000000008ef00000, 0x000000008ef00000| Untracked 
| 240|0x000000008f000000, 0x000000008f000000, 0x000000008f100000|  0%| F|  |TAMS 0x000000008f000000, 0x000000008f000000| Untracked 
| 241|0x000000008f100000, 0x000000008f100000, 0x000000008f200000|  0%| F|  |TAMS 0x000000008f100000, 0x000000008f100000| Untracked 
| 242|0x000000008f200000, 0x000000008f200000, 0x000000008f300000|  0%| F|  |TAMS 0x000000008f200000, 0x000000008f200000| Untracked 
| 243|0x000000008f300000, 0x000000008f300000, 0x000000008f400000|  0%| F|  |TAMS 0x000000008f300000, 0x000000008f300000| Untracked 
| 244|0x000000008f400000, 0x000000008f400000, 0x000000008f500000|  0%| F|  |TAMS 0x000000008f400000, 0x000000008f400000| Untracked 
| 245|0x000000008f500000, 0x000000008f500000, 0x000000008f600000|  0%| F|  |TAMS 0x000000008f500000, 0x000000008f500000| Untracked 
| 246|0x000000008f600000, 0x000000008f600000, 0x000000008f700000|  0%| F|  |TAMS 0x000000008f600000, 0x000000008f600000| Untracked 
| 247|0x000000008f700000, 0x000000008f700000, 0x000000008f800000|  0%| F|  |TAMS 0x000000008f700000, 0x000000008f700000| Untracked 
| 248|0x000000008f800000, 0x000000008f800000, 0x000000008f900000|  0%| F|  |TAMS 0x000000008f800000, 0x000000008f800000| Untracked 
| 249|0x000000008f900000, 0x000000008f900000, 0x000000008fa00000|  0%| F|  |TAMS 0x000000008f900000, 0x000000008f900000| Untracked 
| 250|0x000000008fa00000, 0x000000008fa00000, 0x000000008fb00000|  0%| F|  |TAMS 0x000000008fa00000, 0x000000008fa00000| Untracked 
| 251|0x000000008fb00000, 0x000000008fb00000, 0x000000008fc00000|  0%| F|  |TAMS 0x000000008fb00000, 0x000000008fb00000| Untracked 
| 252|0x000000008fc00000, 0x000000008fc00000, 0x000000008fd00000|  0%| F|  |TAMS 0x000000008fc00000, 0x000000008fc00000| Untracked 
| 253|0x000000008fd00000, 0x000000008fd00000, 0x000000008fe00000|  0%| F|  |TAMS 0x000000008fd00000, 0x000000008fd00000| Untracked 
| 254|0x000000008fe00000, 0x000000008fe00000, 0x000000008ff00000|  0%| F|  |TAMS 0x000000008fe00000, 0x000000008fe00000| Untracked 
| 255|0x000000008ff00000, 0x000000008ff00000, 0x0000000090000000|  0%| F|  |TAMS 0x000000008ff00000, 0x000000008ff00000| Untracked 
| 256|0x0000000090000000, 0x0000000090000000, 0x0000000090100000|  0%| F|  |TAMS 0x0000000090000000, 0x0000000090000000| Untracked 
| 257|0x0000000090100000, 0x0000000090100000, 0x0000000090200000|  0%| F|  |TAMS 0x0000000090100000, 0x0000000090100000| Untracked 
| 258|0x0000000090200000, 0x0000000090200000, 0x0000000090300000|  0%| F|  |TAMS 0x0000000090200000, 0x0000000090200000| Untracked 
| 259|0x0000000090300000, 0x0000000090300000, 0x0000000090400000|  0%| F|  |TAMS 0x0000000090300000, 0x0000000090300000| Untracked 
| 260|0x0000000090400000, 0x0000000090400000, 0x0000000090500000|  0%| F|  |TAMS 0x0000000090400000, 0x0000000090400000| Untracked 
| 261|0x0000000090500000, 0x0000000090500000, 0x0000000090600000|  0%| F|  |TAMS 0x0000000090500000, 0x0000000090500000| Untracked 
| 262|0x0000000090600000, 0x0000000090600000, 0x0000000090700000|  0%| F|  |TAMS 0x0000000090600000, 0x0000000090600000| Untracked 
| 263|0x0000000090700000, 0x0000000090700000, 0x0000000090800000|  0%| F|  |TAMS 0x0000000090700000, 0x0000000090700000| Untracked 
| 264|0x0000000090800000, 0x0000000090800000, 0x0000000090900000|  0%| F|  |TAMS 0x0000000090800000, 0x0000000090800000| Untracked 
| 265|0x0000000090900000, 0x0000000090900000, 0x0000000090a00000|  0%| F|  |TAMS 0x0000000090900000, 0x0000000090900000| Untracked 
| 266|0x0000000090a00000, 0x0000000090a00000, 0x0000000090b00000|  0%| F|  |TAMS 0x0000000090a00000, 0x0000000090a00000| Untracked 
| 267|0x0000000090b00000, 0x0000000090b00000, 0x0000000090c00000|  0%| F|  |TAMS 0x0000000090b00000, 0x0000000090b00000| Untracked 
| 268|0x0000000090c00000, 0x0000000090c00000, 0x0000000090d00000|  0%| F|  |TAMS 0x0000000090c00000, 0x0000000090c00000| Untracked 
| 269|0x0000000090d00000, 0x0000000090d00000, 0x0000000090e00000|  0%| F|  |TAMS 0x0000000090d00000, 0x0000000090d00000| Untracked 
| 270|0x0000000090e00000, 0x0000000090e00000, 0x0000000090f00000|  0%| F|  |TAMS 0x0000000090e00000, 0x0000000090e00000| Untracked 
| 271|0x0000000090f00000, 0x0000000090f00000, 0x0000000091000000|  0%| F|  |TAMS 0x0000000090f00000, 0x0000000090f00000| Untracked 
| 272|0x0000000091000000, 0x0000000091000000, 0x0000000091100000|  0%| F|  |TAMS 0x0000000091000000, 0x0000000091000000| Untracked 
| 273|0x0000000091100000, 0x0000000091100000, 0x0000000091200000|  0%| F|  |TAMS 0x0000000091100000, 0x0000000091100000| Untracked 
| 274|0x0000000091200000, 0x0000000091200000, 0x0000000091300000|  0%| F|  |TAMS 0x0000000091200000, 0x0000000091200000| Untracked 
| 275|0x0000000091300000, 0x0000000091300000, 0x0000000091400000|  0%| F|  |TAMS 0x0000000091300000, 0x0000000091300000| Untracked 
| 276|0x0000000091400000, 0x0000000091400000, 0x0000000091500000|  0%| F|  |TAMS 0x0000000091400000, 0x0000000091400000| Untracked 
| 277|0x0000000091500000, 0x0000000091500000, 0x0000000091600000|  0%| F|  |TAMS 0x0000000091500000, 0x0000000091500000| Untracked 
| 278|0x0000000091600000, 0x0000000091600000, 0x0000000091700000|  0%| F|  |TAMS 0x0000000091600000, 0x0000000091600000| Untracked 
| 279|0x0000000091700000, 0x0000000091700000, 0x0000000091800000|  0%| F|  |TAMS 0x0000000091700000, 0x0000000091700000| Untracked 
| 280|0x0000000091800000, 0x0000000091800000, 0x0000000091900000|  0%| F|  |TAMS 0x0000000091800000, 0x0000000091800000| Untracked 
| 281|0x0000000091900000, 0x0000000091900000, 0x0000000091a00000|  0%| F|  |TAMS 0x0000000091900000, 0x0000000091900000| Untracked 
| 282|0x0000000091a00000, 0x0000000091a00000, 0x0000000091b00000|  0%| F|  |TAMS 0x0000000091a00000, 0x0000000091a00000| Untracked 
| 283|0x0000000091b00000, 0x0000000091b00000, 0x0000000091c00000|  0%| F|  |TAMS 0x0000000091b00000, 0x0000000091b00000| Untracked 
| 284|0x0000000091c00000, 0x0000000091c00000, 0x0000000091d00000|  0%| F|  |TAMS 0x0000000091c00000, 0x0000000091c00000| Untracked 
| 285|0x0000000091d00000, 0x0000000091d00000, 0x0000000091e00000|  0%| F|  |TAMS 0x0000000091d00000, 0x0000000091d00000| Untracked 
| 286|0x0000000091e00000, 0x0000000091e00000, 0x0000000091f00000|  0%| F|  |TAMS 0x0000000091e00000, 0x0000000091e00000| Untracked 
| 287|0x0000000091f00000, 0x0000000091f00000, 0x0000000092000000|  0%| F|  |TAMS 0x0000000091f00000, 0x0000000091f00000| Untracked 
| 288|0x0000000092000000, 0x0000000092000000, 0x0000000092100000|  0%| F|  |TAMS 0x0000000092000000, 0x0000000092000000| Untracked 
| 289|0x0000000092100000, 0x0000000092100000, 0x0000000092200000|  0%| F|  |TAMS 0x0000000092100000, 0x0000000092100000| Untracked 
| 290|0x0000000092200000, 0x0000000092200000, 0x0000000092300000|  0%| F|  |TAMS 0x0000000092200000, 0x0000000092200000| Untracked 
| 291|0x0000000092300000, 0x0000000092300000, 0x0000000092400000|  0%| F|  |TAMS 0x0000000092300000, 0x0000000092300000| Untracked 
| 292|0x0000000092400000, 0x0000000092400000, 0x0000000092500000|  0%| F|  |TAMS 0x0000000092400000, 0x0000000092400000| Untracked 
| 293|0x0000000092500000, 0x0000000092500000, 0x0000000092600000|  0%| F|  |TAMS 0x0000000092500000, 0x0000000092500000| Untracked 
| 294|0x0000000092600000, 0x0000000092600000, 0x0000000092700000|  0%| F|  |TAMS 0x0000000092600000, 0x0000000092600000| Untracked 
| 295|0x0000000092700000, 0x0000000092700000, 0x0000000092800000|  0%| F|  |TAMS 0x0000000092700000, 0x0000000092700000| Untracked 

Card table byte_map: [0x00000206fba00000,0x00000206fbe00000] _byte_map_base: 0x00000206fb600000

Marking Bits (Prev, Next): (CMBitMap*) 0x00000206f751be90, (CMBitMap*) 0x00000206f751be58
 Prev Bits: [0x000002068f000000, 0x0000020691000000)
 Next Bits: [0x00000206fc200000, 0x00000206fe200000)

Polling page: 0x00000206f5bd0000

Metaspace:

Usage:
  Non-class:     85.22 MB capacity,    83.68 MB ( 98%) used,     1.28 MB (  1%) free+waste,   270.38 KB ( <1%) overhead. 
      Class:     13.00 MB capacity,    12.13 MB ( 93%) used,   765.46 KB (  6%) free+waste,   120.56 KB ( <1%) overhead. 
       Both:     98.22 MB capacity,    95.81 MB ( 98%) used,     2.03 MB (  2%) free+waste,   390.94 KB ( <1%) overhead. 

Virtual space:
  Non-class space:       86.00 MB reserved,      85.29 MB (>99%) committed 
      Class space:        1.00 GB reserved,      13.07 MB (  1%) committed 
             Both:        1.08 GB reserved,      98.36 MB (  9%) committed 

Chunk freelists:
   Non-Class:  4.00 KB
       Class:  65.00 KB
        Both:  69.00 KB

MaxMetaspaceSize: 17179869184.00 GB
CompressedClassSpaceSize: 1.00 GB

CodeHeap 'non-profiled nmethods': size=120064Kb used=6778Kb max_used=6778Kb free=113285Kb
 bounds [0x0000020687ac0000, 0x0000020688160000, 0x000002068f000000]
CodeHeap 'profiled nmethods': size=120000Kb used=27641Kb max_used=27641Kb free=92359Kb
 bounds [0x0000020680590000, 0x0000020682090000, 0x0000020687ac0000]
CodeHeap 'non-nmethods': size=5696Kb used=2307Kb max_used=2356Kb free=3388Kb
 bounds [0x0000020680000000, 0x0000020680270000, 0x0000020680590000]
 total_blobs=13162 nmethods=12251 adapters=821
 compilation: enabled
              stopped_count=0, restarted_count=0
 full_count=0

Compilation events (20 events):
Event: 67.055 Thread 0x00000206fe87d800 12425       2       com.android.tools.build.jetifier.processor.archive.ArchiveFile::updateRelativePath (46 bytes)
Event: 67.056 Thread 0x00000206fe87d800 nmethod 12425 0x0000020682078390 code [0x00000206820785c0, 0x00000206820789e8]
Event: 67.235 Thread 0x00000206fe87d800 12431 %     3       org.objectweb.asm.ClassWriter::toByteArray @ 51 (1360 bytes)
Event: 67.241 Thread 0x00000206fe87d800 nmethod 12431% 0x0000020682078c10 code [0x00000206820794a0, 0x000002068207cef8]
Event: 67.370 Thread 0x00000206fe87d800 12437 %     3       kotlin.text.StringsKt__StringsKt::split$StringsKt__StringsKt @ 136 (246 bytes)
Event: 67.374 Thread 0x00000206fe87d800 nmethod 12437% 0x000002068207ea90 code [0x000002068207ef20, 0x00000206820814b8]
Event: 67.381 Thread 0x00000206fe87d800 12438       3       kotlin.text.StringsKt__StringsKt::split$StringsKt__StringsKt (246 bytes)
Event: 67.384 Thread 0x00000206fe87d800 nmethod 12438 0x0000020682082190 code [0x0000020682082600, 0x00000206820848f8]
Event: 67.431 Thread 0x00000206fe87d800 12439       2       java.io.BufferedWriter::newLine (8 bytes)
Event: 67.431 Thread 0x00000206fe87d800 nmethod 12439 0x0000020682085590 code [0x0000020682085740, 0x0000020682085888]
Event: 67.459 Thread 0x00000206fe87d800 12441 %     3       org.objectweb.asm.AnnotationWriter::putParameterAnnotations @ 91 (173 bytes)
Event: 67.460 Thread 0x00000206fe87d800 nmethod 12441% 0x0000020682085990 code [0x0000020682085be0, 0x00000206820863a8]
Event: 67.478 Thread 0x00000206fe87d800 12442 %     3       org.objectweb.asm.ClassWriter::toByteArray @ 748 (1360 bytes)
Event: 67.488 Thread 0x00000206fe87d800 nmethod 12442% 0x0000020682086810 code [0x00000206820870a0, 0x000002068208a998]
Event: 67.488 Thread 0x00000206fe87d800 12443       2       org.gradle.api.internal.artifacts.transform.TransformOutputsInternal::determineOutputLocationType (90 bytes)
Event: 67.490 Thread 0x00000206fe87d800 nmethod 12443 0x000002068208c590 code [0x000002068208c800, 0x000002068208cec8]
Event: 67.492 Thread 0x00000206fe87d800 12445       2       org.gradle.api.internal.artifacts.transform.DefaultTransformOutputs::resolveAndRegister (59 bytes)
Event: 67.493 Thread 0x00000206fe87d800 nmethod 12445 0x000002068208d390 code [0x000002068208d5a0, 0x000002068208d818]
Event: 67.575 Thread 0x00000206fe87d800 12447   !   2       java.nio.DirectByteBuffer::put (289 bytes)
Event: 67.576 Thread 0x00000206fe87d800 nmethod 12447 0x000002068208da10 code [0x000002068208dc40, 0x000002068208e138]

GC Heap History (20 events):
Event: 66.021 GC heap after
{Heap after GC invocations=68 (full 0):
 garbage-first heap   total 157696K, used 128979K [0x0000000080000000, 0x0000000100000000)
  region size 1024K, 1 young (1024K), 1 survivors (1024K)
 Metaspace       used 98083K, capacity 100577K, committed 100720K, reserved 1136640K
  class space    used 12426K, capacity 13313K, committed 13388K, reserved 1048576K
}
Event: 66.047 GC heap before
{Heap before GC invocations=68 (full 0):
 garbage-first heap   total 157696K, used 137171K [0x0000000080000000, 0x0000000100000000)
  region size 1024K, 9 young (9216K), 1 survivors (1024K)
 Metaspace       used 98084K, capacity 100577K, committed 100720K, reserved 1136640K
  class space    used 12426K, capacity 13313K, committed 13388K, reserved 1048576K
}
Event: 66.048 GC heap after
{Heap after GC invocations=69 (full 0):
 garbage-first heap   total 157696K, used 128957K [0x0000000080000000, 0x0000000100000000)
  region size 1024K, 1 young (1024K), 1 survivors (1024K)
 Metaspace       used 98084K, capacity 100577K, committed 100720K, reserved 1136640K
  class space    used 12426K, capacity 13313K, committed 13388K, reserved 1048576K
}
Event: 66.084 GC heap before
{Heap before GC invocations=70 (full 0):
 garbage-first heap   total 157696K, used 138173K [0x0000000080000000, 0x0000000100000000)
  region size 1024K, 9 young (9216K), 1 survivors (1024K)
 Metaspace       used 98084K, capacity 100577K, committed 100720K, reserved 1136640K
  class space    used 12426K, capacity 13313K, committed 13388K, reserved 1048576K
}
Event: 66.086 GC heap after
{Heap after GC invocations=71 (full 0):
 garbage-first heap   total 190464K, used 131034K [0x0000000080000000, 0x0000000100000000)
  region size 1024K, 1 young (1024K), 1 survivors (1024K)
 Metaspace       used 98084K, capacity 100577K, committed 100720K, reserved 1136640K
  class space    used 12426K, capacity 13313K, committed 13388K, reserved 1048576K
}
Event: 66.135 GC heap before
{Heap before GC invocations=71 (full 0):
 garbage-first heap   total 190464K, used 153562K [0x0000000080000000, 0x0000000100000000)
  region size 1024K, 24 young (24576K), 1 survivors (1024K)
 Metaspace       used 98090K, capacity 100579K, committed 100720K, reserved 1136640K
  class space    used 12426K, capacity 13313K, committed 13388K, reserved 1048576K
}
Event: 66.138 GC heap after
{Heap after GC invocations=72 (full 0):
 garbage-first heap   total 190464K, used 131146K [0x0000000080000000, 0x0000000100000000)
  region size 1024K, 3 young (3072K), 3 survivors (3072K)
 Metaspace       used 98090K, capacity 100579K, committed 100720K, reserved 1136640K
  class space    used 12426K, capacity 13313K, committed 13388K, reserved 1048576K
}
Event: 66.187 GC heap before
{Heap before GC invocations=72 (full 0):
 garbage-first heap   total 190464K, used 154698K [0x0000000080000000, 0x0000000100000000)
  region size 1024K, 27 young (27648K), 3 survivors (3072K)
 Metaspace       used 98092K, capacity 100579K, committed 100720K, reserved 1136640K
  class space    used 12426K, capacity 13313K, committed 13388K, reserved 1048576K
}
Event: 66.189 GC heap after
{Heap after GC invocations=73 (full 0):
 garbage-first heap   total 190464K, used 132533K [0x0000000080000000, 0x0000000100000000)
  region size 1024K, 2 young (2048K), 2 survivors (2048K)
 Metaspace       used 98092K, capacity 100579K, committed 100720K, reserved 1136640K
  class space    used 12426K, capacity 13313K, committed 13388K, reserved 1048576K
}
Event: 66.259 GC heap before
{Heap before GC invocations=73 (full 0):
 garbage-first heap   total 190464K, used 158133K [0x0000000080000000, 0x0000000100000000)
  region size 1024K, 27 young (27648K), 2 survivors (2048K)
 Metaspace       used 98094K, capacity 100579K, committed 100720K, reserved 1136640K
  class space    used 12426K, capacity 13313K, committed 13388K, reserved 1048576K
}
Event: 66.260 GC heap after
{Heap after GC invocations=74 (full 0):
 garbage-first heap   total 190464K, used 132596K [0x0000000080000000, 0x0000000100000000)
  region size 1024K, 2 young (2048K), 2 survivors (2048K)
 Metaspace       used 98094K, capacity 100579K, committed 100720K, reserved 1136640K
  class space    used 12426K, capacity 13313K, committed 13388K, reserved 1048576K
}
Event: 66.335 GC heap before
{Heap before GC invocations=74 (full 0):
 garbage-first heap   total 190464K, used 159220K [0x0000000080000000, 0x0000000100000000)
  region size 1024K, 28 young (28672K), 2 survivors (2048K)
 Metaspace       used 98095K, capacity 100579K, committed 100720K, reserved 1136640K
  class space    used 12426K, capacity 13313K, committed 13388K, reserved 1048576K
}
Event: 66.340 GC heap after
{Heap after GC invocations=75 (full 0):
 garbage-first heap   total 303104K, used 132635K [0x0000000080000000, 0x0000000100000000)
  region size 1024K, 2 young (2048K), 2 survivors (2048K)
 Metaspace       used 98095K, capacity 100579K, committed 100720K, reserved 1136640K
  class space    used 12426K, capacity 13313K, committed 13388K, reserved 1048576K
}
Event: 66.945 GC heap before
{Heap before GC invocations=76 (full 0):
 garbage-first heap   total 303104K, used 210459K [0x0000000080000000, 0x0000000100000000)
  region size 1024K, 78 young (79872K), 2 survivors (2048K)
 Metaspace       used 98099K, capacity 100575K, committed 100720K, reserved 1136640K
  class space    used 12424K, capacity 13311K, committed 13388K, reserved 1048576K
}
Event: 66.949 GC heap after
{Heap after GC invocations=77 (full 0):
 garbage-first heap   total 303104K, used 132629K [0x0000000080000000, 0x0000000100000000)
  region size 1024K, 2 young (2048K), 2 survivors (2048K)
 Metaspace       used 98099K, capacity 100575K, committed 100720K, reserved 1136640K
  class space    used 12424K, capacity 13311K, committed 13388K, reserved 1048576K
}
Event: 67.158 GC heap before
{Heap before GC invocations=77 (full 0):
 garbage-first heap   total 303104K, used 215573K [0x0000000080000000, 0x0000000100000000)
  region size 1024K, 83 young (84992K), 2 survivors (2048K)
 Metaspace       used 98101K, capacity 100575K, committed 100720K, reserved 1136640K
  class space    used 12424K, capacity 13311K, committed 13388K, reserved 1048576K
}
Event: 67.161 GC heap after
{Heap after GC invocations=78 (full 0):
 garbage-first heap   total 303104K, used 133950K [0x0000000080000000, 0x0000000100000000)
  region size 1024K, 3 young (3072K), 3 survivors (3072K)
 Metaspace       used 98101K, capacity 100575K, committed 100720K, reserved 1136640K
  class space    used 12424K, capacity 13311K, committed 13388K, reserved 1048576K
}
Event: 67.356 GC heap before
{Heap before GC invocations=78 (full 0):
 garbage-first heap   total 303104K, used 222014K [0x0000000080000000, 0x0000000100000000)
  region size 1024K, 89 young (91136K), 3 survivors (3072K)
 Metaspace       used 98105K, capacity 100575K, committed 100720K, reserved 1136640K
  class space    used 12424K, capacity 13311K, committed 13388K, reserved 1048576K
}
Event: 67.361 GC heap after
{Heap after GC invocations=79 (full 0):
 garbage-first heap   total 303104K, used 136290K [0x0000000080000000, 0x0000000100000000)
  region size 1024K, 6 young (6144K), 6 survivors (6144K)
 Metaspace       used 98105K, capacity 100575K, committed 100720K, reserved 1136640K
  class space    used 12424K, capacity 13311K, committed 13388K, reserved 1048576K
}
Event: 67.609 GC heap before
{Heap before GC invocations=79 (full 0):
 garbage-first heap   total 303104K, used 228450K [0x0000000080000000, 0x0000000100000000)
  region size 1024K, 96 young (98304K), 6 survivors (6144K)
 Metaspace       used 98110K, capacity 100575K, committed 100720K, reserved 1136640K
  class space    used 12424K, capacity 13311K, committed 13388K, reserved 1048576K
}

Deoptimization events (20 events):
Event: 67.305 Thread 0x0000020696692000 DEOPT PACKING pc=0x0000020681c4816c sp=0x00000056251faec0
Event: 67.305 Thread 0x0000020696692000 DEOPT UNPACKING pc=0x0000020680026dde sp=0x00000056251fa3d8 mode 0
Event: 67.314 Thread 0x0000020696692000 DEOPT PACKING pc=0x0000020681c4816c sp=0x00000056251fa7d0
Event: 67.314 Thread 0x0000020696692000 DEOPT UNPACKING pc=0x0000020680026dde sp=0x00000056251f9ce8 mode 0
Event: 67.342 Thread 0x0000020696692000 DEOPT PACKING pc=0x0000020681c4816c sp=0x00000056251faec0
Event: 67.342 Thread 0x0000020696692000 DEOPT UNPACKING pc=0x0000020680026dde sp=0x00000056251fa3d8 mode 0
Event: 67.346 Thread 0x0000020696692000 DEOPT PACKING pc=0x0000020681c4816c sp=0x00000056251fa7d0
Event: 67.346 Thread 0x0000020696692000 DEOPT UNPACKING pc=0x0000020680026dde sp=0x00000056251f9ce8 mode 0
Event: 67.367 Thread 0x0000020696692000 DEOPT PACKING pc=0x0000020681c4816c sp=0x00000056251faec0
Event: 67.367 Thread 0x0000020696692000 DEOPT UNPACKING pc=0x0000020680026dde sp=0x00000056251fa3d8 mode 0
Event: 67.385 Thread 0x0000020696692000 DEOPT PACKING pc=0x0000020681c4816c sp=0x00000056251fa7d0
Event: 67.385 Thread 0x0000020696692000 DEOPT UNPACKING pc=0x0000020680026dde sp=0x00000056251f9ce8 mode 0
Event: 67.388 Thread 0x0000020696692000 DEOPT PACKING pc=0x0000020681c4816c sp=0x00000056251fa7d0
Event: 67.388 Thread 0x0000020696692000 DEOPT UNPACKING pc=0x0000020680026dde sp=0x00000056251f9ce8 mode 0
Event: 67.406 Thread 0x0000020696692000 DEOPT PACKING pc=0x0000020681c4816c sp=0x00000056251fa7d0
Event: 67.406 Thread 0x0000020696692000 DEOPT UNPACKING pc=0x0000020680026dde sp=0x00000056251f9ce8 mode 0
Event: 67.441 Thread 0x0000020696692000 DEOPT PACKING pc=0x0000020681c4816c sp=0x00000056251faec0
Event: 67.441 Thread 0x0000020696692000 DEOPT UNPACKING pc=0x0000020680026dde sp=0x00000056251fa3d8 mode 0
Event: 67.445 Thread 0x0000020696692000 DEOPT PACKING pc=0x0000020681c4816c sp=0x00000056251faec0
Event: 67.445 Thread 0x0000020696692000 DEOPT UNPACKING pc=0x0000020680026dde sp=0x00000056251fa3d8 mode 0

Classes redefined (0 events):
No events

Internal exceptions (20 events):
Event: 53.170 Thread 0x0000020696695000 Exception <a 'sun/nio/fs/WindowsException'{0x000000008932d988}> (0x000000008932d988) thrown at [./src/hotspot/share/prims/jni.cpp, line 615]
Event: 53.264 Thread 0x0000020696697800 Exception <a 'sun/nio/fs/WindowsException'{0x00000000891966b0}> (0x00000000891966b0) thrown at [./src/hotspot/share/prims/jni.cpp, line 615]
Event: 57.445 Thread 0x0000020696692000 Exception <a 'sun/nio/fs/WindowsException'{0x0000000088e8f028}> (0x0000000088e8f028) thrown at [./src/hotspot/share/prims/jni.cpp, line 615]
Event: 57.505 Thread 0x0000020696691000 Exception <a 'sun/nio/fs/WindowsException'{0x0000000089824e68}> (0x0000000089824e68) thrown at [./src/hotspot/share/prims/jni.cpp, line 615]
Event: 61.281 Thread 0x0000020696692000 Exception <a 'sun/nio/fs/WindowsException'{0x00000000890c78c0}> (0x00000000890c78c0) thrown at [./src/hotspot/share/prims/jni.cpp, line 615]
Event: 61.719 Thread 0x0000020696691000 Exception <a 'sun/nio/fs/WindowsException'{0x0000000088cacd38}> (0x0000000088cacd38) thrown at [./src/hotspot/share/prims/jni.cpp, line 615]
Event: 63.405 Thread 0x0000020696692000 Exception <a 'sun/nio/fs/WindowsException'{0x0000000089088130}> (0x0000000089088130) thrown at [./src/hotspot/share/prims/jni.cpp, line 615]
Event: 63.467 Thread 0x0000020696695000 Exception <a 'sun/nio/fs/WindowsException'{0x0000000088e49210}> (0x0000000088e49210) thrown at [./src/hotspot/share/prims/jni.cpp, line 615]
Event: 64.928 Thread 0x0000020696692000 Exception <a 'sun/nio/fs/WindowsException'{0x00000000899cd180}> (0x00000000899cd180) thrown at [./src/hotspot/share/prims/jni.cpp, line 615]
Event: 65.364 Thread 0x0000020696692000 Exception <a 'sun/nio/fs/WindowsException'{0x00000000892373a0}> (0x00000000892373a0) thrown at [./src/hotspot/share/prims/jni.cpp, line 615]
Event: 65.413 Thread 0x0000020696691000 Exception <a 'sun/nio/fs/WindowsException'{0x000000008902a688}> (0x000000008902a688) thrown at [./src/hotspot/share/prims/jni.cpp, line 615]
Event: 65.668 Thread 0x0000020696692000 Exception <a 'sun/nio/fs/WindowsException'{0x000000008952d740}> (0x000000008952d740) thrown at [./src/hotspot/share/prims/jni.cpp, line 615]
Event: 65.757 Thread 0x0000020696691000 Exception <a 'sun/nio/fs/WindowsException'{0x00000000894db8f0}> (0x00000000894db8f0) thrown at [./src/hotspot/share/prims/jni.cpp, line 615]
Event: 65.789 Thread 0x0000020696695000 Exception <a 'sun/nio/fs/WindowsException'{0x0000000089210118}> (0x0000000089210118) thrown at [./src/hotspot/share/prims/jni.cpp, line 615]
Event: 65.856 Thread 0x0000020696692000 Exception <a 'sun/nio/fs/WindowsException'{0x00000000897422b0}> (0x00000000897422b0) thrown at [./src/hotspot/share/prims/jni.cpp, line 615]
Event: 65.870 Thread 0x0000020696695000 Exception <a 'sun/nio/fs/WindowsException'{0x0000000089326bf8}> (0x0000000089326bf8) thrown at [./src/hotspot/share/prims/jni.cpp, line 615]
Event: 66.032 Thread 0x0000020696691000 Exception <a 'sun/nio/fs/WindowsException'{0x000000008958ec38}> (0x000000008958ec38) thrown at [./src/hotspot/share/prims/jni.cpp, line 615]
Event: 66.140 Thread 0x0000020696695000 Exception <a 'sun/nio/fs/WindowsException'{0x000000008b9e5cd8}> (0x000000008b9e5cd8) thrown at [./src/hotspot/share/prims/jni.cpp, line 615]
Event: 66.168 Thread 0x0000020696691000 Exception <a 'sun/nio/fs/WindowsException'{0x000000008ab671b0}> (0x000000008ab671b0) thrown at [./src/hotspot/share/prims/jni.cpp, line 615]
Event: 67.499 Thread 0x0000020696692000 Exception <a 'sun/nio/fs/WindowsException'{0x000000008f2e98b0}> (0x000000008f2e98b0) thrown at [./src/hotspot/share/prims/jni.cpp, line 615]

Events (20 events):
Event: 66.086 Executing VM operation: G1CollectForAllocation done
Event: 66.134 Executing VM operation: G1CollectForAllocation
Event: 66.138 Executing VM operation: G1CollectForAllocation done
Event: 66.187 Executing VM operation: G1CollectForAllocation
Event: 66.189 Executing VM operation: G1CollectForAllocation done
Event: 66.259 Executing VM operation: G1CollectForAllocation
Event: 66.260 Executing VM operation: G1CollectForAllocation done
Event: 66.334 Executing VM operation: G1CollectForAllocation
Event: 66.340 Executing VM operation: G1CollectForAllocation done
Event: 66.403 Executing VM operation: CGC_Operation
Event: 66.425 Executing VM operation: CGC_Operation done
Event: 66.547 Executing VM operation: CGC_Operation
Event: 66.564 Executing VM operation: CGC_Operation done
Event: 66.945 Executing VM operation: G1CollectForAllocation
Event: 66.949 Executing VM operation: G1CollectForAllocation done
Event: 67.158 Executing VM operation: G1CollectForAllocation
Event: 67.161 Executing VM operation: G1CollectForAllocation done
Event: 67.355 Executing VM operation: G1CollectForAllocation
Event: 67.361 Executing VM operation: G1CollectForAllocation done
Event: 67.609 Executing VM operation: G1CollectForAllocation


Dynamic libraries:
0x00007ff7d57c0000 - 0x00007ff7d57ca000 	D:\Android\jre\bin\java.exe
0x00007ff8fd9b0000 - 0x00007ff8fdba5000 	C:\WINDOWS\SYSTEM32\ntdll.dll
0x00007ff8fd6a0000 - 0x00007ff8fd75e000 	C:\WINDOWS\System32\KERNEL32.DLL
0x00007ff8fb640000 - 0x00007ff8fb908000 	C:\WINDOWS\System32\KERNELBASE.dll
0x00007ff8fb320000 - 0x00007ff8fb420000 	C:\WINDOWS\System32\ucrtbase.dll
0x00007ff8ee7b0000 - 0x00007ff8ee7c9000 	D:\Android\jre\bin\jli.dll
0x00007ff8efe50000 - 0x00007ff8efe67000 	D:\Android\jre\bin\VCRUNTIME140.dll
0x00007ff8fd340000 - 0x00007ff8fd4e0000 	C:\WINDOWS\System32\USER32.dll
0x00007ff8fb420000 - 0x00007ff8fb442000 	C:\WINDOWS\System32\win32u.dll
0x00007ff8fd760000 - 0x00007ff8fd78a000 	C:\WINDOWS\System32\GDI32.dll
0x00007ff8fb530000 - 0x00007ff8fb63b000 	C:\WINDOWS\System32\gdi32full.dll
0x00007ff8fb120000 - 0x00007ff8fb1bd000 	C:\WINDOWS\System32\msvcp_win.dll
0x00007ff8e8000000 - 0x00007ff8e829a000 	C:\WINDOWS\WinSxS\amd64_microsoft.windows.common-controls_6595b64144ccf1df_6.0.19041.1110_none_60b5254171f9507e\COMCTL32.dll
0x00007ff8fc0b0000 - 0x00007ff8fc14e000 	C:\WINDOWS\System32\msvcrt.dll
0x00007ff8fd090000 - 0x00007ff8fd0c0000 	C:\WINDOWS\System32\IMM32.DLL
0x00007ff8cebb0000 - 0x00007ff8cec4d000 	D:\Android\jre\bin\msvcp140.dll
0x00007ff8bd810000 - 0x00007ff8be2e5000 	D:\Android\jre\bin\server\jvm.dll
0x00007ff8fc1b0000 - 0x00007ff8fc25e000 	C:\WINDOWS\System32\ADVAPI32.dll
0x00007ff8fd2a0000 - 0x00007ff8fd33c000 	C:\WINDOWS\System32\sechost.dll
0x00007ff8fd790000 - 0x00007ff8fd8b5000 	C:\WINDOWS\System32\RPCRT4.dll
0x00007ff8fd600000 - 0x00007ff8fd608000 	C:\WINDOWS\System32\PSAPI.DLL
0x00007ff8e8b20000 - 0x00007ff8e8b47000 	C:\WINDOWS\SYSTEM32\WINMM.dll
0x00007ff8f20c0000 - 0x00007ff8f20ca000 	C:\WINDOWS\SYSTEM32\VERSION.dll
0x00007ff8e5dc0000 - 0x00007ff8e5dc9000 	C:\WINDOWS\SYSTEM32\WSOCK32.dll
0x00007ff8fd1d0000 - 0x00007ff8fd23b000 	C:\WINDOWS\System32\ws2_32.DLL
0x00007ff8f8ed0000 - 0x00007ff8f8ee2000 	C:\WINDOWS\SYSTEM32\kernel.appcore.dll
0x00007ff8cf5c0000 - 0x00007ff8cf5d1000 	D:\Android\jre\bin\verify.dll
0x00007ff8e8930000 - 0x00007ff8e8b14000 	C:\WINDOWS\SYSTEM32\DBGHELP.DLL
0x00007ff8e54e0000 - 0x00007ff8e550c000 	C:\WINDOWS\SYSTEM32\dbgcore.DLL
0x00007ff8fb910000 - 0x00007ff8fb992000 	C:\WINDOWS\System32\bcryptPrimitives.dll
0x00007ff8cf510000 - 0x00007ff8cf539000 	D:\Android\jre\bin\java.dll
0x00007ff8d11d0000 - 0x00007ff8d11db000 	D:\Android\jre\bin\jimage.dll
0x00007ff8cf4f0000 - 0x00007ff8cf508000 	D:\Android\jre\bin\zip.dll
0x00007ff8fc940000 - 0x00007ff8fd084000 	C:\WINDOWS\System32\SHELL32.dll
0x00007ff8f91b0000 - 0x00007ff8f9944000 	C:\WINDOWS\SYSTEM32\windows.storage.dll
0x00007ff8fba10000 - 0x00007ff8fbd64000 	C:\WINDOWS\System32\combase.dll
0x00007ff8fa990000 - 0x00007ff8fa9bc000 	C:\WINDOWS\SYSTEM32\Wldp.dll
0x00007ff8fd8c0000 - 0x00007ff8fd96d000 	C:\WINDOWS\System32\SHCORE.dll
0x00007ff8fc150000 - 0x00007ff8fc1a5000 	C:\WINDOWS\System32\shlwapi.dll
0x00007ff8fb010000 - 0x00007ff8fb02f000 	C:\WINDOWS\SYSTEM32\profapi.dll
0x00007ff8cf4d0000 - 0x00007ff8cf4ea000 	D:\Android\jre\bin\net.dll
0x00007ff8f3e30000 - 0x00007ff8f3f3a000 	C:\WINDOWS\SYSTEM32\WINHTTP.dll
0x00007ff8fa770000 - 0x00007ff8fa7da000 	C:\WINDOWS\system32\mswsock.dll
0x00007ff8cf4b0000 - 0x00007ff8cf4c4000 	D:\Android\jre\bin\nio.dll
0x00007ff8e6660000 - 0x00007ff8e6687000 	C:\Users\Alexsandr\.gradle\native\8bec1ad78214c89d9ad589b4d07fe93259594b29d510b10fafb7a158f7737e5d\windows-amd64\native-platform.dll
0x00007ff8be870000 - 0x00007ff8be9ad000 	C:\Users\Alexsandr\.gradle\native\53dbd7edfb1c66fb8903c78663c9afc45aea4f116125fa6feffd364cf09443e8\windows-amd64\native-platform-file-events.dll
0x00007ff8ecc60000 - 0x00007ff8ecc6a000 	D:\Android\jre\bin\management.dll
0x00007ff8d0d00000 - 0x00007ff8d0d0d000 	D:\Android\jre\bin\management_ext.dll
0x00007ff8fab20000 - 0x00007ff8fab38000 	C:\WINDOWS\SYSTEM32\CRYPTSP.dll
0x00007ff8fa110000 - 0x00007ff8fa144000 	C:\WINDOWS\system32\rsaenh.dll
0x00007ff8fb500000 - 0x00007ff8fb527000 	C:\WINDOWS\System32\bcrypt.dll
0x00007ff8fafd0000 - 0x00007ff8faffe000 	C:\WINDOWS\SYSTEM32\USERENV.dll
0x00007ff8fa900000 - 0x00007ff8fa90c000 	C:\WINDOWS\SYSTEM32\CRYPTBASE.dll
0x00007ff8fa480000 - 0x00007ff8fa4bb000 	C:\WINDOWS\SYSTEM32\IPHLPAPI.DLL
0x00007ff8fbef0000 - 0x00007ff8fbef8000 	C:\WINDOWS\System32\NSI.dll
0x00007ff8f4ba0000 - 0x00007ff8f4bb7000 	C:\WINDOWS\SYSTEM32\dhcpcsvc6.DLL
0x00007ff8f4b50000 - 0x00007ff8f4b6d000 	C:\WINDOWS\SYSTEM32\dhcpcsvc.DLL
0x00007ff8fa4c0000 - 0x00007ff8fa58b000 	C:\WINDOWS\SYSTEM32\DNSAPI.dll
0x00007ff8f9da0000 - 0x00007ff8f9dd3000 	C:\WINDOWS\SYSTEM32\ntmarta.dll

dbghelp: loaded successfully - version: 4.0.5 - missing functions: none
symbol engine: initialized successfully - sym options: 0x614 - pdb path: .;D:\Android\jre\bin;C:\WINDOWS\SYSTEM32;C:\WINDOWS\WinSxS\amd64_microsoft.windows.common-controls_6595b64144ccf1df_6.0.19041.1110_none_60b5254171f9507e;D:\Android\jre\bin\server;C:\Users\Alexsandr\.gradle\native\8bec1ad78214c89d9ad589b4d07fe93259594b29d510b10fafb7a158f7737e5d\windows-amd64;C:\Users\Alexsandr\.gradle\native\53dbd7edfb1c66fb8903c78663c9afc45aea4f116125fa6feffd364cf09443e8\windows-amd64

VM Arguments:
jvm_args: --add-opens=java.base/java.util=ALL-UNNAMED --add-opens=java.base/java.lang=ALL-UNNAMED --add-opens=java.base/java.lang.invoke=ALL-UNNAMED --add-opens=java.base/java.util=ALL-UNNAMED --add-opens=java.prefs/java.util.prefs=ALL-UNNAMED --add-opens=java.prefs/java.util.prefs=ALL-UNNAMED --add-opens=java.base/java.nio.charset=ALL-UNNAMED --add-opens=java.base/java.net=ALL-UNNAMED --add-opens=java.base/java.util.concurrent.atomic=ALL-UNNAMED -Xmx2048m -Dfile.encoding=UTF-8 -Duser.country=RU -Duser.language=ru -Duser.variant 
java_command: org.gradle.launcher.daemon.bootstrap.GradleDaemon 7.0.2
java_class_path (initial): C:\Users\Alexsandr\.gradle\wrapper\dists\gradle-7.0.2-bin\857tjihv64xamwrf0h14cai3r\gradle-7.0.2\lib\gradle-launcher-7.0.2.jar
Launcher Type: SUN_STANDARD

[Global flags]
     intx CICompilerCount                          = 3                                         {product} {ergonomic}
     uint ConcGCThreads                            = 1                                         {product} {ergonomic}
     uint G1ConcRefinementThreads                  = 4                                         {product} {ergonomic}
   size_t G1HeapRegionSize                         = 1048576                                   {product} {ergonomic}
    uintx GCDrainStackTargetSize                   = 64                                        {product} {ergonomic}
   size_t InitialHeapSize                          = 134217728                                 {product} {ergonomic}
   size_t MarkStackSize                            = 4194304                                   {product} {ergonomic}
   size_t MaxHeapSize                              = 2147483648                                {product} {command line}
   size_t MaxNewSize                               = 1287651328                                {product} {ergonomic}
   size_t MinHeapDeltaBytes                        = 1048576                                   {product} {ergonomic}
    uintx NonNMethodCodeHeapSize                   = 5830732                                {pd product} {ergonomic}
    uintx NonProfiledCodeHeapSize                  = 122913754                              {pd product} {ergonomic}
    uintx ProfiledCodeHeapSize                     = 122913754                              {pd product} {ergonomic}
    uintx ReservedCodeCacheSize                    = 251658240                              {pd product} {ergonomic}
     bool SegmentedCodeCache                       = true                                      {product} {ergonomic}
     bool UseCompressedClassPointers               = true                                 {lp64_product} {ergonomic}
     bool UseCompressedOops                        = true                                 {lp64_product} {ergonomic}
     bool UseG1GC                                  = true                                      {product} {ergonomic}
     bool UseLargePagesIndividualAllocation        = false                                  {pd product} {ergonomic}

Logging:
Log output configuration:
 #0: stdout all=warning uptime,level,tags
 #1: stderr all=off uptime,level,tags

Environment Variables:
PATH=C:\Program Files (x86)\Common Files\Oracle\Java\javapath;C:\WINDOWS\system32;C:\WINDOWS;C:\WINDOWS\System32\Wbem;C:\WINDOWS\System32\WindowsPowerShell\v1.0\;C:\WINDOWS\System32\OpenSSH\;C:\Program Files (x86)\Windows Live\Shared;C:\Program Files\Git\cmd;C:\Program Files\dotnet\;C:\Program Files\Microsoft SQL Server\130\Tools\Binn\;C:\Program Files\Microsoft SQL Server\Client SDK\ODBC\170\Tools\Binn\;C:\Program Files (x86)\dotnet\;C:\Program Files\NVIDIA Corporation\NVIDIA NvDLISR;C:\Program Files (x86)\NVIDIA Corporation\PhysX\Common;C:\Users\Alexsandr\AppData\Local\Microsoft\WindowsApps;;C:\Users\Alexsandr\AppData\Local\Programs\Microsoft VS Code\bin
USERNAME=Alexsandr
OS=Windows_NT
PROCESSOR_IDENTIFIER=Intel64 Family 6 Model 60 Stepping 3, GenuineIntel



---------------  S Y S T E M  ---------------

OS: Windows 10 , 64 bit Build 19041 (10.0.19041.1645)
OS uptime: 0 days 2:59 hours
Hyper-V role detected

CPU:total 4 (initial active 4) (2 cores per cpu, 2 threads per core) family 6 model 60 stepping 3 microcode 0x27, cmov, cx8, fxsr, mmx, sse, sse2, sse3, ssse3, sse4.1, sse4.2, popcnt, avx, avx2, aes, clmul, erms, lzcnt, ht, tsc, tscinvbit, bmi1, bmi2, fma

Memory: 4k page, system-wide physical 8114M (191M free)
TotalPageFile size 10024M (AvailPageFile size 35M)
current process WorkingSet (physical memory assigned to process): 398M, peak: 448M
current process commit charge ("private bytes"): 620M, peak: 723M

vm_info: OpenJDK 64-Bit Server VM (11.0.11+9-b60-7590822) for windows-amd64 JRE (11.0.11+9-b60-7590822), built on Jul 29 2021 21:43:44 by "builder" with MS VC++ 14.0 (VS2015)

END.
